{"name":"Get names and ages of people who live in New Your in ALL pages","status":"failed","statusDetails":{"known":false,"muted":false,"flaky":false,"message":"The following asserts failed:\n\tCaesar Vanceis underage. did not expect to find [true] but found [false],\n\tCaesar Vanceis underage. did not expect to find [true] but found [false]","trace":"java.lang.AssertionError: The following asserts failed:\n\tCaesar Vanceis underage. did not expect to find [true] but found [false],\n\tCaesar Vanceis underage. did not expect to find [true] but found [false]\r\n\tat org.testng.asserts.SoftAssert.assertAll(SoftAssert.java:47)\r\n\tat org.testng.asserts.SoftAssert.assertAll(SoftAssert.java:31)\r\n\tat DataTables.Operations.printNameAgeNewYorkersAllPages(Operations.java:104)\r\n\tat DataTables.TableTests.test04_printNamesAgesLiveInNewYorkAllPages(TableTests.java:35)\r\n\tat sun.reflect.NativeMethodAccessorImpl.invoke0(Native Method)\r\n\tat sun.reflect.NativeMethodAccessorImpl.invoke(NativeMethodAccessorImpl.java:62)\r\n\tat sun.reflect.DelegatingMethodAccessorImpl.invoke(DelegatingMethodAccessorImpl.java:43)\r\n\tat java.lang.reflect.Method.invoke(Method.java:498)\r\n\tat org.testng.internal.MethodInvocationHelper.invokeMethod(MethodInvocationHelper.java:133)\r\n\tat org.testng.internal.TestInvoker.invokeMethod(TestInvoker.java:584)\r\n\tat org.testng.internal.TestInvoker.invokeTestMethod(TestInvoker.java:172)\r\n\tat org.testng.internal.MethodRunner.runInSequence(MethodRunner.java:46)\r\n\tat org.testng.internal.TestInvoker$MethodInvocationAgent.invoke(TestInvoker.java:804)\r\n\tat org.testng.internal.TestInvoker.invokeTestMethods(TestInvoker.java:145)\r\n\tat org.testng.internal.TestMethodWorker.invokeTestMethods(TestMethodWorker.java:146)\r\n\tat org.testng.internal.TestMethodWorker.run(TestMethodWorker.java:128)\r\n\tat java.util.ArrayList.forEach(ArrayList.java:1257)\r\n\tat org.testng.TestRunner.privateRun(TestRunner.java:770)\r\n\tat org.testng.TestRunner.run(TestRunner.java:591)\r\n\tat org.testng.SuiteRunner.runTest(SuiteRunner.java:402)\r\n\tat org.testng.SuiteRunner.runSequentially(SuiteRunner.java:396)\r\n\tat org.testng.SuiteRunner.privateRun(SuiteRunner.java:355)\r\n\tat org.testng.SuiteRunner.run(SuiteRunner.java:304)\r\n\tat org.testng.SuiteRunnerWorker.runSuite(SuiteRunnerWorker.java:53)\r\n\tat org.testng.SuiteRunnerWorker.run(SuiteRunnerWorker.java:96)\r\n\tat org.testng.TestNG.runSuitesSequentially(TestNG.java:1180)\r\n\tat org.testng.TestNG.runSuitesLocally(TestNG.java:1102)\r\n\tat org.testng.TestNG.runSuites(TestNG.java:1032)\r\n\tat org.testng.TestNG.run(TestNG.java:1000)\r\n\tat com.intellij.rt.testng.IDEARemoteTestNG.run(IDEARemoteTestNG.java:66)\r\n\tat com.intellij.rt.testng.RemoteTestNGStarter.main(RemoteTestNGStarter.java:109)\r\n"},"stage":"finished","steps":[{"name":"Print out the names and ages of people who live in New York in ALL pages","status":"failed","statusDetails":{"known":false,"muted":false,"flaky":false,"message":"The following asserts failed:\n\tCaesar Vanceis underage. did not expect to find [true] but found [false],\n\tCaesar Vanceis underage. did not expect to find [true] but found [false]","trace":"java.lang.AssertionError: The following asserts failed:\n\tCaesar Vanceis underage. did not expect to find [true] but found [false],\n\tCaesar Vanceis underage. did not expect to find [true] but found [false]\r\n\tat org.testng.asserts.SoftAssert.assertAll(SoftAssert.java:47)\r\n\tat org.testng.asserts.SoftAssert.assertAll(SoftAssert.java:31)\r\n\tat DataTables.Operations.printNameAgeNewYorkersAllPages(Operations.java:104)\r\n\tat DataTables.TableTests.test04_printNamesAgesLiveInNewYorkAllPages(TableTests.java:35)\r\n\tat sun.reflect.NativeMethodAccessorImpl.invoke0(Native Method)\r\n\tat sun.reflect.NativeMethodAccessorImpl.invoke(NativeMethodAccessorImpl.java:62)\r\n\tat sun.reflect.DelegatingMethodAccessorImpl.invoke(DelegatingMethodAccessorImpl.java:43)\r\n\tat java.lang.reflect.Method.invoke(Method.java:498)\r\n\tat org.testng.internal.MethodInvocationHelper.invokeMethod(MethodInvocationHelper.java:133)\r\n\tat org.testng.internal.TestInvoker.invokeMethod(TestInvoker.java:584)\r\n\tat org.testng.internal.TestInvoker.invokeTestMethod(TestInvoker.java:172)\r\n\tat org.testng.internal.MethodRunner.runInSequence(MethodRunner.java:46)\r\n\tat org.testng.internal.TestInvoker$MethodInvocationAgent.invoke(TestInvoker.java:804)\r\n\tat org.testng.internal.TestInvoker.invokeTestMethods(TestInvoker.java:145)\r\n\tat org.testng.internal.TestMethodWorker.invokeTestMethods(TestMethodWorker.java:146)\r\n\tat org.testng.internal.TestMethodWorker.run(TestMethodWorker.java:128)\r\n\tat java.util.ArrayList.forEach(ArrayList.java:1257)\r\n\tat org.testng.TestRunner.privateRun(TestRunner.java:770)\r\n\tat org.testng.TestRunner.run(TestRunner.java:591)\r\n\tat org.testng.SuiteRunner.runTest(SuiteRunner.java:402)\r\n\tat org.testng.SuiteRunner.runSequentially(SuiteRunner.java:396)\r\n\tat org.testng.SuiteRunner.privateRun(SuiteRunner.java:355)\r\n\tat org.testng.SuiteRunner.run(SuiteRunner.java:304)\r\n\tat org.testng.SuiteRunnerWorker.runSuite(SuiteRunnerWorker.java:53)\r\n\tat org.testng.SuiteRunnerWorker.run(SuiteRunnerWorker.java:96)\r\n\tat org.testng.TestNG.runSuitesSequentially(TestNG.java:1180)\r\n\tat org.testng.TestNG.runSuitesLocally(TestNG.java:1102)\r\n\tat org.testng.TestNG.runSuites(TestNG.java:1032)\r\n\tat org.testng.TestNG.run(TestNG.java:1000)\r\n\tat com.intellij.rt.testng.IDEARemoteTestNG.run(IDEARemoteTestNG.java:66)\r\n\tat com.intellij.rt.testng.RemoteTestNGStarter.main(RemoteTestNGStarter.java:109)\r\n"},"stage":"finished","steps":[{"name":"Print out the names and ages of people who live in New York in CURRENT page","status":"passed","stage":"finished","steps":[{"name":"Store current page data in a list, in a global varaible","status":"passed","stage":"finished","steps":[],"attachments":[],"parameters":[],"start":1638052341885,"stop":1638052341885},{"name":"Verify age is above 22 using soft assert.","status":"passed","stage":"finished","steps":[],"attachments":[],"parameters":[{"name":"elem","value":"[[ChromeDriver: chrome on WINDOWS (13abba2cbca7fef18bce9184c6cbf46d)] -> css selector: #example tbody tr]"}],"start":1638052341939,"stop":1638052341952},{"name":"Verify age is above 22 using soft assert.","status":"passed","stage":"finished","steps":[],"attachments":[],"parameters":[{"name":"elem","value":"[[ChromeDriver: chrome on WINDOWS (13abba2cbca7fef18bce9184c6cbf46d)] -> css selector: #example tbody tr]"}],"start":1638052341976,"stop":1638052341989},{"name":"Verify age is above 22 using soft assert.","status":"passed","stage":"finished","steps":[],"attachments":[],"parameters":[{"name":"elem","value":"[[ChromeDriver: chrome on WINDOWS (13abba2cbca7fef18bce9184c6cbf46d)] -> css selector: #example tbody tr]"}],"start":1638052342006,"stop":1638052342020}],"attachments":[],"parameters":[],"start":1638052341885,"stop":1638052342026},{"name":"'Next' button appearance check","status":"passed","stage":"finished","steps":[],"attachments":[],"parameters":[],"start":1638052342026,"stop":1638052342088},{"name":"Print out the names and ages of people who live in New York in CURRENT page","status":"passed","stage":"finished","steps":[{"name":"Store current page data in a list, in a global varaible","status":"passed","stage":"finished","steps":[],"attachments":[],"parameters":[],"start":1638052342088,"stop":1638052342088},{"name":"Verify age is above 22 using soft assert.","status":"passed","stage":"finished","steps":[],"attachments":[],"parameters":[{"name":"elem","value":"[[ChromeDriver: chrome on WINDOWS (13abba2cbca7fef18bce9184c6cbf46d)] -> css selector: #example tbody tr]"}],"start":1638052342217,"stop":1638052342229}],"attachments":[],"parameters":[],"start":1638052342088,"stop":1638052342296},{"name":"'Next' button appearance check","status":"passed","stage":"finished","steps":[],"attachments":[],"parameters":[],"start":1638052342297,"stop":1638052342341},{"name":"Print out the names and ages of people who live in New York in CURRENT page","status":"passed","stage":"finished","steps":[{"name":"Store current page data in a list, in a global varaible","status":"passed","stage":"finished","steps":[],"attachments":[],"parameters":[],"start":1638052342342,"stop":1638052342342},{"name":"Verify age is above 22 using soft assert.","status":"passed","stage":"finished","steps":[],"attachments":[],"parameters":[{"name":"elem","value":"[[ChromeDriver: chrome on WINDOWS (13abba2cbca7fef18bce9184c6cbf46d)] -> css selector: #example tbody tr]"}],"start":1638052342378,"stop":1638052342390},{"name":"Verify age is above 22 using soft assert.","status":"passed","stage":"finished","steps":[],"attachments":[],"parameters":[{"name":"elem","value":"[[ChromeDriver: chrome on WINDOWS (13abba2cbca7fef18bce9184c6cbf46d)] -> css selector: #example tbody tr]"}],"start":1638052342478,"stop":1638052342490},{"name":"Verify age is above 22 using soft assert.","status":"passed","stage":"finished","steps":[],"attachments":[],"parameters":[{"name":"elem","value":"[[ChromeDriver: chrome on WINDOWS (13abba2cbca7fef18bce9184c6cbf46d)] -> css selector: #example tbody tr]"}],"start":1638052342535,"stop":1638052342547}],"attachments":[],"parameters":[],"start":1638052342342,"stop":1638052342558},{"name":"'Next' button appearance check","status":"passed","stage":"finished","steps":[],"attachments":[],"parameters":[],"start":1638052342558,"stop":1638052342601},{"name":"Print out the names and ages of people who live in New York in CURRENT page","status":"passed","stage":"finished","steps":[{"name":"Store current page data in a list, in a global varaible","status":"passed","stage":"finished","steps":[],"attachments":[],"parameters":[],"start":1638052342601,"stop":1638052342601},{"name":"Verify age is above 22 using soft assert.","status":"passed","stage":"finished","steps":[],"attachments":[],"parameters":[{"name":"elem","value":"[[ChromeDriver: chrome on WINDOWS (13abba2cbca7fef18bce9184c6cbf46d)] -> css selector: #example tbody tr]"}],"start":1638052342735,"stop":1638052342747}],"attachments":[],"parameters":[],"start":1638052342601,"stop":1638052342759},{"name":"'Next' button appearance check","status":"passed","stage":"finished","steps":[],"attachments":[],"parameters":[],"start":1638052342759,"stop":1638052342810},{"name":"Print out the names and ages of people who live in New York in CURRENT page","status":"passed","stage":"finished","steps":[{"name":"Store current page data in a list, in a global varaible","status":"passed","stage":"finished","steps":[],"attachments":[],"parameters":[],"start":1638052342810,"stop":1638052342810},{"name":"Verify age is above 22 using soft assert.","status":"passed","stage":"finished","steps":[],"attachments":[],"parameters":[{"name":"elem","value":"[[ChromeDriver: chrome on WINDOWS (13abba2cbca7fef18bce9184c6cbf46d)] -> css selector: #example tbody tr]"}],"start":1638052342958,"stop":1638052342973}],"attachments":[],"parameters":[],"start":1638052342810,"stop":1638052342973},{"name":"'Next' button appearance check","status":"passed","stage":"finished","steps":[],"attachments":[],"parameters":[],"start":1638052342974,"stop":1638052343020},{"name":"Print out the names and ages of people who live in New York in CURRENT page","status":"passed","stage":"finished","steps":[{"name":"Store current page data in a list, in a global varaible","status":"passed","stage":"finished","steps":[],"attachments":[],"parameters":[],"start":1638052343020,"stop":1638052343020},{"name":"Verify age is above 22 using soft assert.","status":"passed","stage":"finished","steps":[],"attachments":[],"parameters":[{"name":"elem","value":"[[ChromeDriver: chrome on WINDOWS (13abba2cbca7fef18bce9184c6cbf46d)] -> css selector: #example tbody tr]"}],"start":1638052343100,"stop":1638052343111},{"name":"Verify age is above 22 using soft assert.","status":"passed","stage":"finished","steps":[],"attachments":[],"parameters":[{"name":"elem","value":"[[ChromeDriver: chrome on WINDOWS (13abba2cbca7fef18bce9184c6cbf46d)] -> css selector: #example tbody tr]"}],"start":1638052343144,"stop":1638052343156}],"attachments":[],"parameters":[],"start":1638052343020,"stop":1638052343166},{"name":"'Next' button appearance check","status":"passed","stage":"finished","steps":[],"attachments":[],"parameters":[],"start":1638052343166,"stop":1638052343173}],"attachments":[],"parameters":[],"start":1638052341885,"stop":1638052343174}],"attachments":[],"parameters":[],"start":1638052341884,"stop":1638052343177,"uuid":"09fc026b-fe1c-4759-9f61-a2a8622646e2","historyId":"b6e62ad2f5c88be312b8883b54c8f108","fullName":"DataTables.TableTests.test04_printNamesAgesLiveInNewYorkAllPages","labels":[{"name":"package","value":"DataTables.TableTests"},{"name":"testClass","value":"DataTables.TableTests"},{"name":"testMethod","value":"test04_printNamesAgesLiveInNewYorkAllPages"},{"name":"parentSuite","value":"Default Suite"},{"name":"suite","value":"TestAutomationBootCamp"},{"name":"subSuite","value":"DataTables.TableTests"},{"name":"host","value":"DESKTOP-K720T7V"},{"name":"thread","value":"35436@DESKTOP-K720T7V.main(1)"},{"name":"framework","value":"testng"},{"name":"language","value":"java"}],"links":[]}