{"name":"Get names and ages of people who live in New Your in ALL pages","status":"failed","statusDetails":{"known":false,"muted":false,"flaky":false,"message":"The following asserts failed:\n\texpected [Tiger Nixon] but found [true],\n\texpected [Timothy Mooney] but found [true],\n\texpected [Unity Butler] but found [true],\n\texpected [Vivian Harrell] but found [true],\n\texpected [Yuri Berry] but found [true],\n\texpected [Zenaida Frank] but found [true],\n\texpected [Zorita Serrano] but found [true]","trace":"java.lang.AssertionError: The following asserts failed:\n\texpected [Tiger Nixon] but found [true],\n\texpected [Timothy Mooney] but found [true],\n\texpected [Unity Butler] but found [true],\n\texpected [Vivian Harrell] but found [true],\n\texpected [Yuri Berry] but found [true],\n\texpected [Zenaida Frank] but found [true],\n\texpected [Zorita Serrano] but found [true]\r\n\tat org.testng.asserts.SoftAssert.assertAll(SoftAssert.java:47)\r\n\tat org.testng.asserts.SoftAssert.assertAll(SoftAssert.java:31)\r\n\tat DataTables.Operations.printNameAgeNewYorkersAllPages(Operations.java:89)\r\n\tat DataTables.TableTests.test04_printNamesAgesLiveInNewYorkAllPages(TableTests.java:35)\r\n\tat sun.reflect.NativeMethodAccessorImpl.invoke0(Native Method)\r\n\tat sun.reflect.NativeMethodAccessorImpl.invoke(NativeMethodAccessorImpl.java:62)\r\n\tat sun.reflect.DelegatingMethodAccessorImpl.invoke(DelegatingMethodAccessorImpl.java:43)\r\n\tat java.lang.reflect.Method.invoke(Method.java:498)\r\n\tat org.testng.internal.MethodInvocationHelper.invokeMethod(MethodInvocationHelper.java:133)\r\n\tat org.testng.internal.TestInvoker.invokeMethod(TestInvoker.java:584)\r\n\tat org.testng.internal.TestInvoker.invokeTestMethod(TestInvoker.java:172)\r\n\tat org.testng.internal.MethodRunner.runInSequence(MethodRunner.java:46)\r\n\tat org.testng.internal.TestInvoker$MethodInvocationAgent.invoke(TestInvoker.java:804)\r\n\tat org.testng.internal.TestInvoker.invokeTestMethods(TestInvoker.java:145)\r\n\tat org.testng.internal.TestMethodWorker.invokeTestMethods(TestMethodWorker.java:146)\r\n\tat org.testng.internal.TestMethodWorker.run(TestMethodWorker.java:128)\r\n\tat java.util.ArrayList.forEach(ArrayList.java:1257)\r\n\tat org.testng.TestRunner.privateRun(TestRunner.java:770)\r\n\tat org.testng.TestRunner.run(TestRunner.java:591)\r\n\tat org.testng.SuiteRunner.runTest(SuiteRunner.java:402)\r\n\tat org.testng.SuiteRunner.runSequentially(SuiteRunner.java:396)\r\n\tat org.testng.SuiteRunner.privateRun(SuiteRunner.java:355)\r\n\tat org.testng.SuiteRunner.run(SuiteRunner.java:304)\r\n\tat org.testng.SuiteRunnerWorker.runSuite(SuiteRunnerWorker.java:53)\r\n\tat org.testng.SuiteRunnerWorker.run(SuiteRunnerWorker.java:96)\r\n\tat org.testng.TestNG.runSuitesSequentially(TestNG.java:1180)\r\n\tat org.testng.TestNG.runSuitesLocally(TestNG.java:1102)\r\n\tat org.testng.TestNG.runSuites(TestNG.java:1032)\r\n\tat org.testng.TestNG.run(TestNG.java:1000)\r\n\tat com.intellij.rt.testng.IDEARemoteTestNG.run(IDEARemoteTestNG.java:66)\r\n\tat com.intellij.rt.testng.RemoteTestNGStarter.main(RemoteTestNGStarter.java:109)\r\n"},"stage":"finished","steps":[{"name":"Print out the names and ages of people who live in New York in ALL pages","status":"failed","statusDetails":{"known":false,"muted":false,"flaky":false,"message":"The following asserts failed:\n\texpected [Tiger Nixon] but found [true],\n\texpected [Timothy Mooney] but found [true],\n\texpected [Unity Butler] but found [true],\n\texpected [Vivian Harrell] but found [true],\n\texpected [Yuri Berry] but found [true],\n\texpected [Zenaida Frank] but found [true],\n\texpected [Zorita Serrano] but found [true]","trace":"java.lang.AssertionError: The following asserts failed:\n\texpected [Tiger Nixon] but found [true],\n\texpected [Timothy Mooney] but found [true],\n\texpected [Unity Butler] but found [true],\n\texpected [Vivian Harrell] but found [true],\n\texpected [Yuri Berry] but found [true],\n\texpected [Zenaida Frank] but found [true],\n\texpected [Zorita Serrano] but found [true]\r\n\tat org.testng.asserts.SoftAssert.assertAll(SoftAssert.java:47)\r\n\tat org.testng.asserts.SoftAssert.assertAll(SoftAssert.java:31)\r\n\tat DataTables.Operations.printNameAgeNewYorkersAllPages(Operations.java:89)\r\n\tat DataTables.TableTests.test04_printNamesAgesLiveInNewYorkAllPages(TableTests.java:35)\r\n\tat sun.reflect.NativeMethodAccessorImpl.invoke0(Native Method)\r\n\tat sun.reflect.NativeMethodAccessorImpl.invoke(NativeMethodAccessorImpl.java:62)\r\n\tat sun.reflect.DelegatingMethodAccessorImpl.invoke(DelegatingMethodAccessorImpl.java:43)\r\n\tat java.lang.reflect.Method.invoke(Method.java:498)\r\n\tat org.testng.internal.MethodInvocationHelper.invokeMethod(MethodInvocationHelper.java:133)\r\n\tat org.testng.internal.TestInvoker.invokeMethod(TestInvoker.java:584)\r\n\tat org.testng.internal.TestInvoker.invokeTestMethod(TestInvoker.java:172)\r\n\tat org.testng.internal.MethodRunner.runInSequence(MethodRunner.java:46)\r\n\tat org.testng.internal.TestInvoker$MethodInvocationAgent.invoke(TestInvoker.java:804)\r\n\tat org.testng.internal.TestInvoker.invokeTestMethods(TestInvoker.java:145)\r\n\tat org.testng.internal.TestMethodWorker.invokeTestMethods(TestMethodWorker.java:146)\r\n\tat org.testng.internal.TestMethodWorker.run(TestMethodWorker.java:128)\r\n\tat java.util.ArrayList.forEach(ArrayList.java:1257)\r\n\tat org.testng.TestRunner.privateRun(TestRunner.java:770)\r\n\tat org.testng.TestRunner.run(TestRunner.java:591)\r\n\tat org.testng.SuiteRunner.runTest(SuiteRunner.java:402)\r\n\tat org.testng.SuiteRunner.runSequentially(SuiteRunner.java:396)\r\n\tat org.testng.SuiteRunner.privateRun(SuiteRunner.java:355)\r\n\tat org.testng.SuiteRunner.run(SuiteRunner.java:304)\r\n\tat org.testng.SuiteRunnerWorker.runSuite(SuiteRunnerWorker.java:53)\r\n\tat org.testng.SuiteRunnerWorker.run(SuiteRunnerWorker.java:96)\r\n\tat org.testng.TestNG.runSuitesSequentially(TestNG.java:1180)\r\n\tat org.testng.TestNG.runSuitesLocally(TestNG.java:1102)\r\n\tat org.testng.TestNG.runSuites(TestNG.java:1032)\r\n\tat org.testng.TestNG.run(TestNG.java:1000)\r\n\tat com.intellij.rt.testng.IDEARemoteTestNG.run(IDEARemoteTestNG.java:66)\r\n\tat com.intellij.rt.testng.RemoteTestNGStarter.main(RemoteTestNGStarter.java:109)\r\n"},"stage":"finished","steps":[{"name":"Print out the names and ages of people who live in New York in CURRENT page","status":"passed","stage":"finished","steps":[{"name":"Store current page data in a list, in a global varaible","status":"passed","stage":"finished","steps":[],"attachments":[],"parameters":[],"start":1637698594214,"stop":1637698594214}],"attachments":[],"parameters":[],"start":1637698594214,"stop":1637698594333},{"name":"Verify age is above 22 using soft assert.","status":"passed","stage":"finished","steps":[],"attachments":[],"parameters":[{"name":"list","value":"[[[ChromeDriver: chrome on WINDOWS (fb89459b2f6ca32462bbc27eb388cdc3)] -> css selector: #example tbody tr], [[ChromeDriver: chrome on WINDOWS (fb89459b2f6ca32462bbc27eb388cdc3)] -> css selector: #example tbody tr], [[ChromeDriver: chrome on WINDOWS (fb89459b2f6ca32462bbc27eb388cdc3)] -> css selector: #example tbody tr], [[ChromeDriver: chrome on WINDOWS (fb89459b2f6ca32462bbc27eb388cdc3)] -> css selector: #example tbody tr], [[ChromeDriver: chrome on WINDOWS (fb89459b2f6ca32462bbc27eb388cdc3)] -> css selector: #example tbody tr], [[ChromeDriver: chrome on WINDOWS (fb89459b2f6ca32462bbc27eb388cdc3)] -> css selector: #example tbody tr], [[ChromeDriver: chrome on WINDOWS (fb89459b2f6ca32462bbc27eb388cdc3)] -> css selector: #example tbody tr], [[ChromeDriver: chrome on WINDOWS (fb89459b2f6ca32462bbc27eb388cdc3)] -> css selector: #example tbody tr], [[ChromeDriver: chrome on WINDOWS (fb89459b2f6ca32462bbc27eb388cdc3)] -> css selector: #example tbody tr], [[ChromeDriver: chrome on WINDOWS (fb89459b2f6ca32462bbc27eb388cdc3)] -> css selector: #example tbody tr]]"}],"start":1637698594339,"stop":1637698594533},{"name":"'Next' button appearance check","status":"passed","stage":"finished","steps":[],"attachments":[],"parameters":[],"start":1637698594533,"stop":1637698594593},{"name":"Print out the names and ages of people who live in New York in CURRENT page","status":"passed","stage":"finished","steps":[{"name":"Store current page data in a list, in a global varaible","status":"passed","stage":"finished","steps":[],"attachments":[],"parameters":[],"start":1637698594593,"stop":1637698594593}],"attachments":[],"parameters":[],"start":1637698594593,"stop":1637698594727},{"name":"Verify age is above 22 using soft assert.","status":"passed","stage":"finished","steps":[],"attachments":[],"parameters":[{"name":"list","value":"[[[ChromeDriver: chrome on WINDOWS (fb89459b2f6ca32462bbc27eb388cdc3)] -> css selector: #example tbody tr], [[ChromeDriver: chrome on WINDOWS (fb89459b2f6ca32462bbc27eb388cdc3)] -> css selector: #example tbody tr], [[ChromeDriver: chrome on WINDOWS (fb89459b2f6ca32462bbc27eb388cdc3)] -> css selector: #example tbody tr], [[ChromeDriver: chrome on WINDOWS (fb89459b2f6ca32462bbc27eb388cdc3)] -> css selector: #example tbody tr], [[ChromeDriver: chrome on WINDOWS (fb89459b2f6ca32462bbc27eb388cdc3)] -> css selector: #example tbody tr], [[ChromeDriver: chrome on WINDOWS (fb89459b2f6ca32462bbc27eb388cdc3)] -> css selector: #example tbody tr], [[ChromeDriver: chrome on WINDOWS (fb89459b2f6ca32462bbc27eb388cdc3)] -> css selector: #example tbody tr], [[ChromeDriver: chrome on WINDOWS (fb89459b2f6ca32462bbc27eb388cdc3)] -> css selector: #example tbody tr], [[ChromeDriver: chrome on WINDOWS (fb89459b2f6ca32462bbc27eb388cdc3)] -> css selector: #example tbody tr], [[ChromeDriver: chrome on WINDOWS (fb89459b2f6ca32462bbc27eb388cdc3)] -> css selector: #example tbody tr]]"}],"start":1637698594730,"stop":1637698594945},{"name":"'Next' button appearance check","status":"passed","stage":"finished","steps":[],"attachments":[],"parameters":[],"start":1637698594946,"stop":1637698594992},{"name":"Print out the names and ages of people who live in New York in CURRENT page","status":"passed","stage":"finished","steps":[{"name":"Store current page data in a list, in a global varaible","status":"passed","stage":"finished","steps":[],"attachments":[],"parameters":[],"start":1637698594992,"stop":1637698594992}],"attachments":[],"parameters":[],"start":1637698594992,"stop":1637698595180},{"name":"Verify age is above 22 using soft assert.","status":"passed","stage":"finished","steps":[],"attachments":[],"parameters":[{"name":"list","value":"[[[ChromeDriver: chrome on WINDOWS (fb89459b2f6ca32462bbc27eb388cdc3)] -> css selector: #example tbody tr], [[ChromeDriver: chrome on WINDOWS (fb89459b2f6ca32462bbc27eb388cdc3)] -> css selector: #example tbody tr], [[ChromeDriver: chrome on WINDOWS (fb89459b2f6ca32462bbc27eb388cdc3)] -> css selector: #example tbody tr], [[ChromeDriver: chrome on WINDOWS (fb89459b2f6ca32462bbc27eb388cdc3)] -> css selector: #example tbody tr], [[ChromeDriver: chrome on WINDOWS (fb89459b2f6ca32462bbc27eb388cdc3)] -> css selector: #example tbody tr], [[ChromeDriver: chrome on WINDOWS (fb89459b2f6ca32462bbc27eb388cdc3)] -> css selector: #example tbody tr], [[ChromeDriver: chrome on WINDOWS (fb89459b2f6ca32462bbc27eb388cdc3)] -> css selector: #example tbody tr], [[ChromeDriver: chrome on WINDOWS (fb89459b2f6ca32462bbc27eb388cdc3)] -> css selector: #example tbody tr], [[ChromeDriver: chrome on WINDOWS (fb89459b2f6ca32462bbc27eb388cdc3)] -> css selector: #example tbody tr], [[ChromeDriver: chrome on WINDOWS (fb89459b2f6ca32462bbc27eb388cdc3)] -> css selector: #example tbody tr]]"}],"start":1637698595184,"stop":1637698595391},{"name":"'Next' button appearance check","status":"passed","stage":"finished","steps":[],"attachments":[],"parameters":[],"start":1637698595391,"stop":1637698595432},{"name":"Print out the names and ages of people who live in New York in CURRENT page","status":"passed","stage":"finished","steps":[{"name":"Store current page data in a list, in a global varaible","status":"passed","stage":"finished","steps":[],"attachments":[],"parameters":[],"start":1637698595432,"stop":1637698595432}],"attachments":[],"parameters":[],"start":1637698595432,"stop":1637698595564},{"name":"Verify age is above 22 using soft assert.","status":"passed","stage":"finished","steps":[],"attachments":[],"parameters":[{"name":"list","value":"[[[ChromeDriver: chrome on WINDOWS (fb89459b2f6ca32462bbc27eb388cdc3)] -> css selector: #example tbody tr], [[ChromeDriver: chrome on WINDOWS (fb89459b2f6ca32462bbc27eb388cdc3)] -> css selector: #example tbody tr], [[ChromeDriver: chrome on WINDOWS (fb89459b2f6ca32462bbc27eb388cdc3)] -> css selector: #example tbody tr], [[ChromeDriver: chrome on WINDOWS (fb89459b2f6ca32462bbc27eb388cdc3)] -> css selector: #example tbody tr], [[ChromeDriver: chrome on WINDOWS (fb89459b2f6ca32462bbc27eb388cdc3)] -> css selector: #example tbody tr], [[ChromeDriver: chrome on WINDOWS (fb89459b2f6ca32462bbc27eb388cdc3)] -> css selector: #example tbody tr], [[ChromeDriver: chrome on WINDOWS (fb89459b2f6ca32462bbc27eb388cdc3)] -> css selector: #example tbody tr], [[ChromeDriver: chrome on WINDOWS (fb89459b2f6ca32462bbc27eb388cdc3)] -> css selector: #example tbody tr], [[ChromeDriver: chrome on WINDOWS (fb89459b2f6ca32462bbc27eb388cdc3)] -> css selector: #example tbody tr], [[ChromeDriver: chrome on WINDOWS (fb89459b2f6ca32462bbc27eb388cdc3)] -> css selector: #example tbody tr]]"}],"start":1637698595567,"stop":1637698595788},{"name":"'Next' button appearance check","status":"passed","stage":"finished","steps":[],"attachments":[],"parameters":[],"start":1637698595788,"stop":1637698595830},{"name":"Print out the names and ages of people who live in New York in CURRENT page","status":"passed","stage":"finished","steps":[{"name":"Store current page data in a list, in a global varaible","status":"passed","stage":"finished","steps":[],"attachments":[],"parameters":[],"start":1637698595830,"stop":1637698595830}],"attachments":[],"parameters":[],"start":1637698595830,"stop":1637698595967},{"name":"Verify age is above 22 using soft assert.","status":"passed","stage":"finished","steps":[],"attachments":[],"parameters":[{"name":"list","value":"[[[ChromeDriver: chrome on WINDOWS (fb89459b2f6ca32462bbc27eb388cdc3)] -> css selector: #example tbody tr], [[ChromeDriver: chrome on WINDOWS (fb89459b2f6ca32462bbc27eb388cdc3)] -> css selector: #example tbody tr], [[ChromeDriver: chrome on WINDOWS (fb89459b2f6ca32462bbc27eb388cdc3)] -> css selector: #example tbody tr], [[ChromeDriver: chrome on WINDOWS (fb89459b2f6ca32462bbc27eb388cdc3)] -> css selector: #example tbody tr], [[ChromeDriver: chrome on WINDOWS (fb89459b2f6ca32462bbc27eb388cdc3)] -> css selector: #example tbody tr], [[ChromeDriver: chrome on WINDOWS (fb89459b2f6ca32462bbc27eb388cdc3)] -> css selector: #example tbody tr], [[ChromeDriver: chrome on WINDOWS (fb89459b2f6ca32462bbc27eb388cdc3)] -> css selector: #example tbody tr], [[ChromeDriver: chrome on WINDOWS (fb89459b2f6ca32462bbc27eb388cdc3)] -> css selector: #example tbody tr], [[ChromeDriver: chrome on WINDOWS (fb89459b2f6ca32462bbc27eb388cdc3)] -> css selector: #example tbody tr], [[ChromeDriver: chrome on WINDOWS (fb89459b2f6ca32462bbc27eb388cdc3)] -> css selector: #example tbody tr]]"}],"start":1637698595970,"stop":1637698596199},{"name":"'Next' button appearance check","status":"passed","stage":"finished","steps":[],"attachments":[],"parameters":[],"start":1637698596199,"stop":1637698596247},{"name":"Print out the names and ages of people who live in New York in CURRENT page","status":"passed","stage":"finished","steps":[{"name":"Store current page data in a list, in a global varaible","status":"passed","stage":"finished","steps":[],"attachments":[],"parameters":[],"start":1637698596248,"stop":1637698596248}],"attachments":[],"parameters":[],"start":1637698596248,"stop":1637698596384},{"name":"Verify age is above 22 using soft assert.","status":"passed","stage":"finished","steps":[],"attachments":[],"parameters":[{"name":"list","value":"[[[ChromeDriver: chrome on WINDOWS (fb89459b2f6ca32462bbc27eb388cdc3)] -> css selector: #example tbody tr], [[ChromeDriver: chrome on WINDOWS (fb89459b2f6ca32462bbc27eb388cdc3)] -> css selector: #example tbody tr], [[ChromeDriver: chrome on WINDOWS (fb89459b2f6ca32462bbc27eb388cdc3)] -> css selector: #example tbody tr], [[ChromeDriver: chrome on WINDOWS (fb89459b2f6ca32462bbc27eb388cdc3)] -> css selector: #example tbody tr], [[ChromeDriver: chrome on WINDOWS (fb89459b2f6ca32462bbc27eb388cdc3)] -> css selector: #example tbody tr], [[ChromeDriver: chrome on WINDOWS (fb89459b2f6ca32462bbc27eb388cdc3)] -> css selector: #example tbody tr], [[ChromeDriver: chrome on WINDOWS (fb89459b2f6ca32462bbc27eb388cdc3)] -> css selector: #example tbody tr]]"}],"start":1637698596387,"stop":1637698596527},{"name":"'Next' button appearance check","status":"passed","stage":"finished","steps":[],"attachments":[],"parameters":[],"start":1637698596527,"stop":1637698596534}],"attachments":[],"parameters":[],"start":1637698594211,"stop":1637698596535}],"attachments":[],"parameters":[],"start":1637698594211,"stop":1637698596538,"uuid":"0f33fc11-cc27-4b61-91ae-111f40c66fa7","historyId":"b6e62ad2f5c88be312b8883b54c8f108","fullName":"DataTables.TableTests.test04_printNamesAgesLiveInNewYorkAllPages","labels":[{"name":"package","value":"DataTables.TableTests"},{"name":"testClass","value":"DataTables.TableTests"},{"name":"testMethod","value":"test04_printNamesAgesLiveInNewYorkAllPages"},{"name":"parentSuite","value":"Default Suite"},{"name":"suite","value":"TestAutomationBootCamp"},{"name":"subSuite","value":"DataTables.TableTests"},{"name":"host","value":"DESKTOP-K720T7V"},{"name":"thread","value":"11944@DESKTOP-K720T7V.main(1)"},{"name":"framework","value":"testng"},{"name":"language","value":"java"}],"links":[]}