{"name":"Get names and ages of people who live in New Your in ALL pages","status":"failed","statusDetails":{"known":false,"muted":false,"flaky":false,"message":"The following asserts failed:\n\tCaesar Vanceis underage. did not expect to find [true] but found [false],\n\tCaesar Vanceis underage. did not expect to find [true] but found [false]","trace":"java.lang.AssertionError: The following asserts failed:\n\tCaesar Vanceis underage. did not expect to find [true] but found [false],\n\tCaesar Vanceis underage. did not expect to find [true] but found [false]\r\n\tat org.testng.asserts.SoftAssert.assertAll(SoftAssert.java:47)\r\n\tat org.testng.asserts.SoftAssert.assertAll(SoftAssert.java:31)\r\n\tat DataTables.Operations.printNameAgeNewYorkersAllPages(Operations.java:104)\r\n\tat DataTables.TableTests.test04_printNamesAgesLiveInNewYorkAllPages(TableTests.java:35)\r\n\tat sun.reflect.NativeMethodAccessorImpl.invoke0(Native Method)\r\n\tat sun.reflect.NativeMethodAccessorImpl.invoke(NativeMethodAccessorImpl.java:62)\r\n\tat sun.reflect.DelegatingMethodAccessorImpl.invoke(DelegatingMethodAccessorImpl.java:43)\r\n\tat java.lang.reflect.Method.invoke(Method.java:498)\r\n\tat org.testng.internal.MethodInvocationHelper.invokeMethod(MethodInvocationHelper.java:133)\r\n\tat org.testng.internal.TestInvoker.invokeMethod(TestInvoker.java:584)\r\n\tat org.testng.internal.TestInvoker.invokeTestMethod(TestInvoker.java:172)\r\n\tat org.testng.internal.MethodRunner.runInSequence(MethodRunner.java:46)\r\n\tat org.testng.internal.TestInvoker$MethodInvocationAgent.invoke(TestInvoker.java:804)\r\n\tat org.testng.internal.TestInvoker.invokeTestMethods(TestInvoker.java:145)\r\n\tat org.testng.internal.TestMethodWorker.invokeTestMethods(TestMethodWorker.java:146)\r\n\tat org.testng.internal.TestMethodWorker.run(TestMethodWorker.java:128)\r\n\tat java.util.ArrayList.forEach(ArrayList.java:1257)\r\n\tat org.testng.TestRunner.privateRun(TestRunner.java:770)\r\n\tat org.testng.TestRunner.run(TestRunner.java:591)\r\n\tat org.testng.SuiteRunner.runTest(SuiteRunner.java:402)\r\n\tat org.testng.SuiteRunner.runSequentially(SuiteRunner.java:396)\r\n\tat org.testng.SuiteRunner.privateRun(SuiteRunner.java:355)\r\n\tat org.testng.SuiteRunner.run(SuiteRunner.java:304)\r\n\tat org.testng.SuiteRunnerWorker.runSuite(SuiteRunnerWorker.java:53)\r\n\tat org.testng.SuiteRunnerWorker.run(SuiteRunnerWorker.java:96)\r\n\tat org.testng.TestNG.runSuitesSequentially(TestNG.java:1180)\r\n\tat org.testng.TestNG.runSuitesLocally(TestNG.java:1102)\r\n\tat org.testng.TestNG.runSuites(TestNG.java:1032)\r\n\tat org.testng.TestNG.run(TestNG.java:1000)\r\n\tat com.intellij.rt.testng.IDEARemoteTestNG.run(IDEARemoteTestNG.java:66)\r\n\tat com.intellij.rt.testng.RemoteTestNGStarter.main(RemoteTestNGStarter.java:109)\r\n"},"stage":"finished","steps":[{"name":"Print out the names and ages of people who live in New York in ALL pages","status":"failed","statusDetails":{"known":false,"muted":false,"flaky":false,"message":"The following asserts failed:\n\tCaesar Vanceis underage. did not expect to find [true] but found [false],\n\tCaesar Vanceis underage. did not expect to find [true] but found [false]","trace":"java.lang.AssertionError: The following asserts failed:\n\tCaesar Vanceis underage. did not expect to find [true] but found [false],\n\tCaesar Vanceis underage. did not expect to find [true] but found [false]\r\n\tat org.testng.asserts.SoftAssert.assertAll(SoftAssert.java:47)\r\n\tat org.testng.asserts.SoftAssert.assertAll(SoftAssert.java:31)\r\n\tat DataTables.Operations.printNameAgeNewYorkersAllPages(Operations.java:104)\r\n\tat DataTables.TableTests.test04_printNamesAgesLiveInNewYorkAllPages(TableTests.java:35)\r\n\tat sun.reflect.NativeMethodAccessorImpl.invoke0(Native Method)\r\n\tat sun.reflect.NativeMethodAccessorImpl.invoke(NativeMethodAccessorImpl.java:62)\r\n\tat sun.reflect.DelegatingMethodAccessorImpl.invoke(DelegatingMethodAccessorImpl.java:43)\r\n\tat java.lang.reflect.Method.invoke(Method.java:498)\r\n\tat org.testng.internal.MethodInvocationHelper.invokeMethod(MethodInvocationHelper.java:133)\r\n\tat org.testng.internal.TestInvoker.invokeMethod(TestInvoker.java:584)\r\n\tat org.testng.internal.TestInvoker.invokeTestMethod(TestInvoker.java:172)\r\n\tat org.testng.internal.MethodRunner.runInSequence(MethodRunner.java:46)\r\n\tat org.testng.internal.TestInvoker$MethodInvocationAgent.invoke(TestInvoker.java:804)\r\n\tat org.testng.internal.TestInvoker.invokeTestMethods(TestInvoker.java:145)\r\n\tat org.testng.internal.TestMethodWorker.invokeTestMethods(TestMethodWorker.java:146)\r\n\tat org.testng.internal.TestMethodWorker.run(TestMethodWorker.java:128)\r\n\tat java.util.ArrayList.forEach(ArrayList.java:1257)\r\n\tat org.testng.TestRunner.privateRun(TestRunner.java:770)\r\n\tat org.testng.TestRunner.run(TestRunner.java:591)\r\n\tat org.testng.SuiteRunner.runTest(SuiteRunner.java:402)\r\n\tat org.testng.SuiteRunner.runSequentially(SuiteRunner.java:396)\r\n\tat org.testng.SuiteRunner.privateRun(SuiteRunner.java:355)\r\n\tat org.testng.SuiteRunner.run(SuiteRunner.java:304)\r\n\tat org.testng.SuiteRunnerWorker.runSuite(SuiteRunnerWorker.java:53)\r\n\tat org.testng.SuiteRunnerWorker.run(SuiteRunnerWorker.java:96)\r\n\tat org.testng.TestNG.runSuitesSequentially(TestNG.java:1180)\r\n\tat org.testng.TestNG.runSuitesLocally(TestNG.java:1102)\r\n\tat org.testng.TestNG.runSuites(TestNG.java:1032)\r\n\tat org.testng.TestNG.run(TestNG.java:1000)\r\n\tat com.intellij.rt.testng.IDEARemoteTestNG.run(IDEARemoteTestNG.java:66)\r\n\tat com.intellij.rt.testng.RemoteTestNGStarter.main(RemoteTestNGStarter.java:109)\r\n"},"stage":"finished","steps":[{"name":"Print out the names and ages of people who live in New York in CURRENT page","status":"passed","stage":"finished","steps":[{"name":"Store current page data in a list, in a global varaible","status":"passed","stage":"finished","steps":[],"attachments":[],"parameters":[],"start":1638052429785,"stop":1638052429785},{"name":"Verify age is above 22 using soft assert.","status":"passed","stage":"finished","steps":[],"attachments":[],"parameters":[{"name":"elem","value":"[[ChromeDriver: chrome on WINDOWS (bbf9d718b849fb7b937bc871e6267263)] -> css selector: #example tbody tr]"}],"start":1638052429839,"stop":1638052429851},{"name":"Verify age is above 22 using soft assert.","status":"passed","stage":"finished","steps":[],"attachments":[],"parameters":[{"name":"elem","value":"[[ChromeDriver: chrome on WINDOWS (bbf9d718b849fb7b937bc871e6267263)] -> css selector: #example tbody tr]"}],"start":1638052429874,"stop":1638052429886},{"name":"Verify age is above 22 using soft assert.","status":"passed","stage":"finished","steps":[],"attachments":[],"parameters":[{"name":"elem","value":"[[ChromeDriver: chrome on WINDOWS (bbf9d718b849fb7b937bc871e6267263)] -> css selector: #example tbody tr]"}],"start":1638052429904,"stop":1638052429915}],"attachments":[],"parameters":[],"start":1638052429785,"stop":1638052429920},{"name":"'Next' button appearance check","status":"passed","stage":"finished","steps":[],"attachments":[],"parameters":[],"start":1638052429920,"stop":1638052429978},{"name":"Print out the names and ages of people who live in New York in CURRENT page","status":"passed","stage":"finished","steps":[{"name":"Store current page data in a list, in a global varaible","status":"passed","stage":"finished","steps":[],"attachments":[],"parameters":[],"start":1638052429978,"stop":1638052429978},{"name":"Verify age is above 22 using soft assert.","status":"passed","stage":"finished","steps":[],"attachments":[],"parameters":[{"name":"elem","value":"[[ChromeDriver: chrome on WINDOWS (bbf9d718b849fb7b937bc871e6267263)] -> css selector: #example tbody tr]"}],"start":1638052430112,"stop":1638052430124}],"attachments":[],"parameters":[],"start":1638052429978,"stop":1638052430190},{"name":"'Next' button appearance check","status":"passed","stage":"finished","steps":[],"attachments":[],"parameters":[],"start":1638052430190,"stop":1638052430233},{"name":"Print out the names and ages of people who live in New York in CURRENT page","status":"passed","stage":"finished","steps":[{"name":"Store current page data in a list, in a global varaible","status":"passed","stage":"finished","steps":[],"attachments":[],"parameters":[],"start":1638052430233,"stop":1638052430233},{"name":"Verify age is above 22 using soft assert.","status":"passed","stage":"finished","steps":[],"attachments":[],"parameters":[{"name":"elem","value":"[[ChromeDriver: chrome on WINDOWS (bbf9d718b849fb7b937bc871e6267263)] -> css selector: #example tbody tr]"}],"start":1638052430271,"stop":1638052430282},{"name":"Verify age is above 22 using soft assert.","status":"passed","stage":"finished","steps":[],"attachments":[],"parameters":[{"name":"elem","value":"[[ChromeDriver: chrome on WINDOWS (bbf9d718b849fb7b937bc871e6267263)] -> css selector: #example tbody tr]"}],"start":1638052430378,"stop":1638052430391},{"name":"Verify age is above 22 using soft assert.","status":"passed","stage":"finished","steps":[],"attachments":[],"parameters":[{"name":"elem","value":"[[ChromeDriver: chrome on WINDOWS (bbf9d718b849fb7b937bc871e6267263)] -> css selector: #example tbody tr]"}],"start":1638052430438,"stop":1638052430452}],"attachments":[],"parameters":[],"start":1638052430233,"stop":1638052430463},{"name":"'Next' button appearance check","status":"passed","stage":"finished","steps":[],"attachments":[],"parameters":[],"start":1638052430463,"stop":1638052430508},{"name":"Print out the names and ages of people who live in New York in CURRENT page","status":"passed","stage":"finished","steps":[{"name":"Store current page data in a list, in a global varaible","status":"passed","stage":"finished","steps":[],"attachments":[],"parameters":[],"start":1638052430509,"stop":1638052430509},{"name":"Verify age is above 22 using soft assert.","status":"passed","stage":"finished","steps":[],"attachments":[],"parameters":[{"name":"elem","value":"[[ChromeDriver: chrome on WINDOWS (bbf9d718b849fb7b937bc871e6267263)] -> css selector: #example tbody tr]"}],"start":1638052430634,"stop":1638052430648}],"attachments":[],"parameters":[],"start":1638052430509,"stop":1638052430661},{"name":"'Next' button appearance check","status":"passed","stage":"finished","steps":[],"attachments":[],"parameters":[],"start":1638052430661,"stop":1638052430710},{"name":"Print out the names and ages of people who live in New York in CURRENT page","status":"passed","stage":"finished","steps":[{"name":"Store current page data in a list, in a global varaible","status":"passed","stage":"finished","steps":[],"attachments":[],"parameters":[],"start":1638052430710,"stop":1638052430710},{"name":"Verify age is above 22 using soft assert.","status":"passed","stage":"finished","steps":[],"attachments":[],"parameters":[{"name":"elem","value":"[[ChromeDriver: chrome on WINDOWS (bbf9d718b849fb7b937bc871e6267263)] -> css selector: #example tbody tr]"}],"start":1638052430857,"stop":1638052430872}],"attachments":[],"parameters":[],"start":1638052430710,"stop":1638052430872},{"name":"'Next' button appearance check","status":"passed","stage":"finished","steps":[],"attachments":[],"parameters":[],"start":1638052430872,"stop":1638052430923},{"name":"Print out the names and ages of people who live in New York in CURRENT page","status":"passed","stage":"finished","steps":[{"name":"Store current page data in a list, in a global varaible","status":"passed","stage":"finished","steps":[],"attachments":[],"parameters":[],"start":1638052430923,"stop":1638052430923},{"name":"Verify age is above 22 using soft assert.","status":"passed","stage":"finished","steps":[],"attachments":[],"parameters":[{"name":"elem","value":"[[ChromeDriver: chrome on WINDOWS (bbf9d718b849fb7b937bc871e6267263)] -> css selector: #example tbody tr]"}],"start":1638052431004,"stop":1638052431015},{"name":"Verify age is above 22 using soft assert.","status":"passed","stage":"finished","steps":[],"attachments":[],"parameters":[{"name":"elem","value":"[[ChromeDriver: chrome on WINDOWS (bbf9d718b849fb7b937bc871e6267263)] -> css selector: #example tbody tr]"}],"start":1638052431047,"stop":1638052431059}],"attachments":[],"parameters":[],"start":1638052430923,"stop":1638052431070},{"name":"'Next' button appearance check","status":"passed","stage":"finished","steps":[],"attachments":[],"parameters":[],"start":1638052431070,"stop":1638052431079}],"attachments":[],"parameters":[],"start":1638052429785,"stop":1638052431080}],"attachments":[],"parameters":[],"start":1638052429785,"stop":1638052431082,"uuid":"13413763-3b81-4a63-a47a-cf63f6d70478","historyId":"b6e62ad2f5c88be312b8883b54c8f108","fullName":"DataTables.TableTests.test04_printNamesAgesLiveInNewYorkAllPages","labels":[{"name":"package","value":"DataTables.TableTests"},{"name":"testClass","value":"DataTables.TableTests"},{"name":"testMethod","value":"test04_printNamesAgesLiveInNewYorkAllPages"},{"name":"parentSuite","value":"Default Suite"},{"name":"suite","value":"TestAutomationBootCamp"},{"name":"subSuite","value":"DataTables.TableTests"},{"name":"host","value":"DESKTOP-K720T7V"},{"name":"thread","value":"24392@DESKTOP-K720T7V.main(1)"},{"name":"framework","value":"testng"},{"name":"language","value":"java"}],"links":[]}