{"name":"Get names and ages of people who live in New Your in ALL pages","status":"failed","statusDetails":{"known":false,"muted":false,"flaky":false,"message":"The following asserts failed:\n\tYuri Berry did not expect to find [true] but found [false],\n\tZenaida Frank did not expect to find [true] but found [false]","trace":"java.lang.AssertionError: The following asserts failed:\n\tYuri Berry did not expect to find [true] but found [false],\n\tZenaida Frank did not expect to find [true] but found [false]\r\n\tat org.testng.asserts.SoftAssert.assertAll(SoftAssert.java:47)\r\n\tat org.testng.asserts.SoftAssert.assertAll(SoftAssert.java:31)\r\n\tat DataTables.Operations.printNameAgeNewYorkersAllPages(Operations.java:89)\r\n\tat DataTables.TableTests.test04_printNamesAgesLiveInNewYorkAllPages(TableTests.java:35)\r\n\tat sun.reflect.NativeMethodAccessorImpl.invoke0(Native Method)\r\n\tat sun.reflect.NativeMethodAccessorImpl.invoke(NativeMethodAccessorImpl.java:62)\r\n\tat sun.reflect.DelegatingMethodAccessorImpl.invoke(DelegatingMethodAccessorImpl.java:43)\r\n\tat java.lang.reflect.Method.invoke(Method.java:498)\r\n\tat org.testng.internal.MethodInvocationHelper.invokeMethod(MethodInvocationHelper.java:133)\r\n\tat org.testng.internal.TestInvoker.invokeMethod(TestInvoker.java:584)\r\n\tat org.testng.internal.TestInvoker.invokeTestMethod(TestInvoker.java:172)\r\n\tat org.testng.internal.MethodRunner.runInSequence(MethodRunner.java:46)\r\n\tat org.testng.internal.TestInvoker$MethodInvocationAgent.invoke(TestInvoker.java:804)\r\n\tat org.testng.internal.TestInvoker.invokeTestMethods(TestInvoker.java:145)\r\n\tat org.testng.internal.TestMethodWorker.invokeTestMethods(TestMethodWorker.java:146)\r\n\tat org.testng.internal.TestMethodWorker.run(TestMethodWorker.java:128)\r\n\tat java.util.ArrayList.forEach(ArrayList.java:1257)\r\n\tat org.testng.TestRunner.privateRun(TestRunner.java:770)\r\n\tat org.testng.TestRunner.run(TestRunner.java:591)\r\n\tat org.testng.SuiteRunner.runTest(SuiteRunner.java:402)\r\n\tat org.testng.SuiteRunner.runSequentially(SuiteRunner.java:396)\r\n\tat org.testng.SuiteRunner.privateRun(SuiteRunner.java:355)\r\n\tat org.testng.SuiteRunner.run(SuiteRunner.java:304)\r\n\tat org.testng.SuiteRunnerWorker.runSuite(SuiteRunnerWorker.java:53)\r\n\tat org.testng.SuiteRunnerWorker.run(SuiteRunnerWorker.java:96)\r\n\tat org.testng.TestNG.runSuitesSequentially(TestNG.java:1180)\r\n\tat org.testng.TestNG.runSuitesLocally(TestNG.java:1102)\r\n\tat org.testng.TestNG.runSuites(TestNG.java:1032)\r\n\tat org.testng.TestNG.run(TestNG.java:1000)\r\n\tat com.intellij.rt.testng.IDEARemoteTestNG.run(IDEARemoteTestNG.java:66)\r\n\tat com.intellij.rt.testng.RemoteTestNGStarter.main(RemoteTestNGStarter.java:109)\r\n"},"stage":"finished","steps":[{"name":"Print out the names and ages of people who live in New York in ALL pages","status":"failed","statusDetails":{"known":false,"muted":false,"flaky":false,"message":"The following asserts failed:\n\tYuri Berry did not expect to find [true] but found [false],\n\tZenaida Frank did not expect to find [true] but found [false]","trace":"java.lang.AssertionError: The following asserts failed:\n\tYuri Berry did not expect to find [true] but found [false],\n\tZenaida Frank did not expect to find [true] but found [false]\r\n\tat org.testng.asserts.SoftAssert.assertAll(SoftAssert.java:47)\r\n\tat org.testng.asserts.SoftAssert.assertAll(SoftAssert.java:31)\r\n\tat DataTables.Operations.printNameAgeNewYorkersAllPages(Operations.java:89)\r\n\tat DataTables.TableTests.test04_printNamesAgesLiveInNewYorkAllPages(TableTests.java:35)\r\n\tat sun.reflect.NativeMethodAccessorImpl.invoke0(Native Method)\r\n\tat sun.reflect.NativeMethodAccessorImpl.invoke(NativeMethodAccessorImpl.java:62)\r\n\tat sun.reflect.DelegatingMethodAccessorImpl.invoke(DelegatingMethodAccessorImpl.java:43)\r\n\tat java.lang.reflect.Method.invoke(Method.java:498)\r\n\tat org.testng.internal.MethodInvocationHelper.invokeMethod(MethodInvocationHelper.java:133)\r\n\tat org.testng.internal.TestInvoker.invokeMethod(TestInvoker.java:584)\r\n\tat org.testng.internal.TestInvoker.invokeTestMethod(TestInvoker.java:172)\r\n\tat org.testng.internal.MethodRunner.runInSequence(MethodRunner.java:46)\r\n\tat org.testng.internal.TestInvoker$MethodInvocationAgent.invoke(TestInvoker.java:804)\r\n\tat org.testng.internal.TestInvoker.invokeTestMethods(TestInvoker.java:145)\r\n\tat org.testng.internal.TestMethodWorker.invokeTestMethods(TestMethodWorker.java:146)\r\n\tat org.testng.internal.TestMethodWorker.run(TestMethodWorker.java:128)\r\n\tat java.util.ArrayList.forEach(ArrayList.java:1257)\r\n\tat org.testng.TestRunner.privateRun(TestRunner.java:770)\r\n\tat org.testng.TestRunner.run(TestRunner.java:591)\r\n\tat org.testng.SuiteRunner.runTest(SuiteRunner.java:402)\r\n\tat org.testng.SuiteRunner.runSequentially(SuiteRunner.java:396)\r\n\tat org.testng.SuiteRunner.privateRun(SuiteRunner.java:355)\r\n\tat org.testng.SuiteRunner.run(SuiteRunner.java:304)\r\n\tat org.testng.SuiteRunnerWorker.runSuite(SuiteRunnerWorker.java:53)\r\n\tat org.testng.SuiteRunnerWorker.run(SuiteRunnerWorker.java:96)\r\n\tat org.testng.TestNG.runSuitesSequentially(TestNG.java:1180)\r\n\tat org.testng.TestNG.runSuitesLocally(TestNG.java:1102)\r\n\tat org.testng.TestNG.runSuites(TestNG.java:1032)\r\n\tat org.testng.TestNG.run(TestNG.java:1000)\r\n\tat com.intellij.rt.testng.IDEARemoteTestNG.run(IDEARemoteTestNG.java:66)\r\n\tat com.intellij.rt.testng.RemoteTestNGStarter.main(RemoteTestNGStarter.java:109)\r\n"},"stage":"finished","steps":[{"name":"Print out the names and ages of people who live in New York in CURRENT page","status":"passed","stage":"finished","steps":[{"name":"Store current page data in a list, in a global varaible","status":"passed","stage":"finished","steps":[],"attachments":[],"parameters":[],"start":1637699525849,"stop":1637699525849}],"attachments":[],"parameters":[],"start":1637699525849,"stop":1637699525956},{"name":"Verify age is above 22 using soft assert.","status":"passed","stage":"finished","steps":[],"attachments":[],"parameters":[{"name":"list","value":"[[[ChromeDriver: chrome on WINDOWS (4f7a96f7c69c24a66e3f76606b39118c)] -> css selector: #example tbody tr], [[ChromeDriver: chrome on WINDOWS (4f7a96f7c69c24a66e3f76606b39118c)] -> css selector: #example tbody tr], [[ChromeDriver: chrome on WINDOWS (4f7a96f7c69c24a66e3f76606b39118c)] -> css selector: #example tbody tr], [[ChromeDriver: chrome on WINDOWS (4f7a96f7c69c24a66e3f76606b39118c)] -> css selector: #example tbody tr], [[ChromeDriver: chrome on WINDOWS (4f7a96f7c69c24a66e3f76606b39118c)] -> css selector: #example tbody tr], [[ChromeDriver: chrome on WINDOWS (4f7a96f7c69c24a66e3f76606b39118c)] -> css selector: #example tbody tr], [[ChromeDriver: chrome on WINDOWS (4f7a96f7c69c24a66e3f76606b39118c)] -> css selector: #example tbody tr], [[ChromeDriver: chrome on WINDOWS (4f7a96f7c69c24a66e3f76606b39118c)] -> css selector: #example tbody tr], [[ChromeDriver: chrome on WINDOWS (4f7a96f7c69c24a66e3f76606b39118c)] -> css selector: #example tbody tr], [[ChromeDriver: chrome on WINDOWS (4f7a96f7c69c24a66e3f76606b39118c)] -> css selector: #example tbody tr]]"}],"start":1637699525962,"stop":1637699526067},{"name":"'Next' button appearance check","status":"passed","stage":"finished","steps":[],"attachments":[],"parameters":[],"start":1637699526067,"stop":1637699526181},{"name":"Print out the names and ages of people who live in New York in CURRENT page","status":"passed","stage":"finished","steps":[{"name":"Store current page data in a list, in a global varaible","status":"passed","stage":"finished","steps":[],"attachments":[],"parameters":[],"start":1637699526181,"stop":1637699526181}],"attachments":[],"parameters":[],"start":1637699526181,"stop":1637699526318},{"name":"Verify age is above 22 using soft assert.","status":"passed","stage":"finished","steps":[],"attachments":[],"parameters":[{"name":"list","value":"[[[ChromeDriver: chrome on WINDOWS (4f7a96f7c69c24a66e3f76606b39118c)] -> css selector: #example tbody tr], [[ChromeDriver: chrome on WINDOWS (4f7a96f7c69c24a66e3f76606b39118c)] -> css selector: #example tbody tr], [[ChromeDriver: chrome on WINDOWS (4f7a96f7c69c24a66e3f76606b39118c)] -> css selector: #example tbody tr], [[ChromeDriver: chrome on WINDOWS (4f7a96f7c69c24a66e3f76606b39118c)] -> css selector: #example tbody tr], [[ChromeDriver: chrome on WINDOWS (4f7a96f7c69c24a66e3f76606b39118c)] -> css selector: #example tbody tr], [[ChromeDriver: chrome on WINDOWS (4f7a96f7c69c24a66e3f76606b39118c)] -> css selector: #example tbody tr], [[ChromeDriver: chrome on WINDOWS (4f7a96f7c69c24a66e3f76606b39118c)] -> css selector: #example tbody tr], [[ChromeDriver: chrome on WINDOWS (4f7a96f7c69c24a66e3f76606b39118c)] -> css selector: #example tbody tr], [[ChromeDriver: chrome on WINDOWS (4f7a96f7c69c24a66e3f76606b39118c)] -> css selector: #example tbody tr], [[ChromeDriver: chrome on WINDOWS (4f7a96f7c69c24a66e3f76606b39118c)] -> css selector: #example tbody tr]]"}],"start":1637699526321,"stop":1637699526391},{"name":"'Next' button appearance check","status":"passed","stage":"finished","steps":[],"attachments":[],"parameters":[],"start":1637699526391,"stop":1637699526436},{"name":"Print out the names and ages of people who live in New York in CURRENT page","status":"passed","stage":"finished","steps":[{"name":"Store current page data in a list, in a global varaible","status":"passed","stage":"finished","steps":[],"attachments":[],"parameters":[],"start":1637699526436,"stop":1637699526436}],"attachments":[],"parameters":[],"start":1637699526436,"stop":1637699526613},{"name":"Verify age is above 22 using soft assert.","status":"passed","stage":"finished","steps":[],"attachments":[],"parameters":[{"name":"list","value":"[[[ChromeDriver: chrome on WINDOWS (4f7a96f7c69c24a66e3f76606b39118c)] -> css selector: #example tbody tr], [[ChromeDriver: chrome on WINDOWS (4f7a96f7c69c24a66e3f76606b39118c)] -> css selector: #example tbody tr], [[ChromeDriver: chrome on WINDOWS (4f7a96f7c69c24a66e3f76606b39118c)] -> css selector: #example tbody tr], [[ChromeDriver: chrome on WINDOWS (4f7a96f7c69c24a66e3f76606b39118c)] -> css selector: #example tbody tr], [[ChromeDriver: chrome on WINDOWS (4f7a96f7c69c24a66e3f76606b39118c)] -> css selector: #example tbody tr], [[ChromeDriver: chrome on WINDOWS (4f7a96f7c69c24a66e3f76606b39118c)] -> css selector: #example tbody tr], [[ChromeDriver: chrome on WINDOWS (4f7a96f7c69c24a66e3f76606b39118c)] -> css selector: #example tbody tr], [[ChromeDriver: chrome on WINDOWS (4f7a96f7c69c24a66e3f76606b39118c)] -> css selector: #example tbody tr], [[ChromeDriver: chrome on WINDOWS (4f7a96f7c69c24a66e3f76606b39118c)] -> css selector: #example tbody tr], [[ChromeDriver: chrome on WINDOWS (4f7a96f7c69c24a66e3f76606b39118c)] -> css selector: #example tbody tr]]"}],"start":1637699526617,"stop":1637699526711},{"name":"'Next' button appearance check","status":"passed","stage":"finished","steps":[],"attachments":[],"parameters":[],"start":1637699526711,"stop":1637699526753},{"name":"Print out the names and ages of people who live in New York in CURRENT page","status":"passed","stage":"finished","steps":[{"name":"Store current page data in a list, in a global varaible","status":"passed","stage":"finished","steps":[],"attachments":[],"parameters":[],"start":1637699526754,"stop":1637699526754}],"attachments":[],"parameters":[],"start":1637699526753,"stop":1637699526894},{"name":"Verify age is above 22 using soft assert.","status":"passed","stage":"finished","steps":[],"attachments":[],"parameters":[{"name":"list","value":"[[[ChromeDriver: chrome on WINDOWS (4f7a96f7c69c24a66e3f76606b39118c)] -> css selector: #example tbody tr], [[ChromeDriver: chrome on WINDOWS (4f7a96f7c69c24a66e3f76606b39118c)] -> css selector: #example tbody tr], [[ChromeDriver: chrome on WINDOWS (4f7a96f7c69c24a66e3f76606b39118c)] -> css selector: #example tbody tr], [[ChromeDriver: chrome on WINDOWS (4f7a96f7c69c24a66e3f76606b39118c)] -> css selector: #example tbody tr], [[ChromeDriver: chrome on WINDOWS (4f7a96f7c69c24a66e3f76606b39118c)] -> css selector: #example tbody tr], [[ChromeDriver: chrome on WINDOWS (4f7a96f7c69c24a66e3f76606b39118c)] -> css selector: #example tbody tr], [[ChromeDriver: chrome on WINDOWS (4f7a96f7c69c24a66e3f76606b39118c)] -> css selector: #example tbody tr], [[ChromeDriver: chrome on WINDOWS (4f7a96f7c69c24a66e3f76606b39118c)] -> css selector: #example tbody tr], [[ChromeDriver: chrome on WINDOWS (4f7a96f7c69c24a66e3f76606b39118c)] -> css selector: #example tbody tr], [[ChromeDriver: chrome on WINDOWS (4f7a96f7c69c24a66e3f76606b39118c)] -> css selector: #example tbody tr]]"}],"start":1637699526897,"stop":1637699526965},{"name":"'Next' button appearance check","status":"passed","stage":"finished","steps":[],"attachments":[],"parameters":[],"start":1637699526965,"stop":1637699527006},{"name":"Print out the names and ages of people who live in New York in CURRENT page","status":"passed","stage":"finished","steps":[{"name":"Store current page data in a list, in a global varaible","status":"passed","stage":"finished","steps":[],"attachments":[],"parameters":[],"start":1637699527006,"stop":1637699527006}],"attachments":[],"parameters":[],"start":1637699527006,"stop":1637699527150},{"name":"Verify age is above 22 using soft assert.","status":"passed","stage":"finished","steps":[],"attachments":[],"parameters":[{"name":"list","value":"[[[ChromeDriver: chrome on WINDOWS (4f7a96f7c69c24a66e3f76606b39118c)] -> css selector: #example tbody tr], [[ChromeDriver: chrome on WINDOWS (4f7a96f7c69c24a66e3f76606b39118c)] -> css selector: #example tbody tr], [[ChromeDriver: chrome on WINDOWS (4f7a96f7c69c24a66e3f76606b39118c)] -> css selector: #example tbody tr], [[ChromeDriver: chrome on WINDOWS (4f7a96f7c69c24a66e3f76606b39118c)] -> css selector: #example tbody tr], [[ChromeDriver: chrome on WINDOWS (4f7a96f7c69c24a66e3f76606b39118c)] -> css selector: #example tbody tr], [[ChromeDriver: chrome on WINDOWS (4f7a96f7c69c24a66e3f76606b39118c)] -> css selector: #example tbody tr], [[ChromeDriver: chrome on WINDOWS (4f7a96f7c69c24a66e3f76606b39118c)] -> css selector: #example tbody tr], [[ChromeDriver: chrome on WINDOWS (4f7a96f7c69c24a66e3f76606b39118c)] -> css selector: #example tbody tr], [[ChromeDriver: chrome on WINDOWS (4f7a96f7c69c24a66e3f76606b39118c)] -> css selector: #example tbody tr], [[ChromeDriver: chrome on WINDOWS (4f7a96f7c69c24a66e3f76606b39118c)] -> css selector: #example tbody tr]]"}],"start":1637699527153,"stop":1637699527231},{"name":"'Next' button appearance check","status":"passed","stage":"finished","steps":[],"attachments":[],"parameters":[],"start":1637699527231,"stop":1637699527279},{"name":"Print out the names and ages of people who live in New York in CURRENT page","status":"passed","stage":"finished","steps":[{"name":"Store current page data in a list, in a global varaible","status":"passed","stage":"finished","steps":[],"attachments":[],"parameters":[],"start":1637699527279,"stop":1637699527279}],"attachments":[],"parameters":[],"start":1637699527279,"stop":1637699527405},{"name":"Verify age is above 22 using soft assert.","status":"passed","stage":"finished","steps":[],"attachments":[],"parameters":[{"name":"list","value":"[[[ChromeDriver: chrome on WINDOWS (4f7a96f7c69c24a66e3f76606b39118c)] -> css selector: #example tbody tr], [[ChromeDriver: chrome on WINDOWS (4f7a96f7c69c24a66e3f76606b39118c)] -> css selector: #example tbody tr], [[ChromeDriver: chrome on WINDOWS (4f7a96f7c69c24a66e3f76606b39118c)] -> css selector: #example tbody tr], [[ChromeDriver: chrome on WINDOWS (4f7a96f7c69c24a66e3f76606b39118c)] -> css selector: #example tbody tr], [[ChromeDriver: chrome on WINDOWS (4f7a96f7c69c24a66e3f76606b39118c)] -> css selector: #example tbody tr], [[ChromeDriver: chrome on WINDOWS (4f7a96f7c69c24a66e3f76606b39118c)] -> css selector: #example tbody tr], [[ChromeDriver: chrome on WINDOWS (4f7a96f7c69c24a66e3f76606b39118c)] -> css selector: #example tbody tr]]"}],"start":1637699527408,"stop":1637699527473},{"name":"'Next' button appearance check","status":"passed","stage":"finished","steps":[],"attachments":[],"parameters":[],"start":1637699527473,"stop":1637699527479}],"attachments":[],"parameters":[],"start":1637699525847,"stop":1637699527480}],"attachments":[],"parameters":[],"start":1637699525847,"stop":1637699527483,"uuid":"160122a3-c5be-478e-a489-80f772bdfce8","historyId":"b6e62ad2f5c88be312b8883b54c8f108","fullName":"DataTables.TableTests.test04_printNamesAgesLiveInNewYorkAllPages","labels":[{"name":"package","value":"DataTables.TableTests"},{"name":"testClass","value":"DataTables.TableTests"},{"name":"testMethod","value":"test04_printNamesAgesLiveInNewYorkAllPages"},{"name":"parentSuite","value":"Default Suite"},{"name":"suite","value":"TestAutomationBootCamp"},{"name":"subSuite","value":"DataTables.TableTests"},{"name":"host","value":"DESKTOP-K720T7V"},{"name":"thread","value":"27888@DESKTOP-K720T7V.main(1)"},{"name":"framework","value":"testng"},{"name":"language","value":"java"}],"links":[]}