{"name":"Get names and ages of people who live in New Your in ALL pages","status":"failed","statusDetails":{"known":false,"muted":false,"flaky":false,"message":"The following asserts failed:\n\tTiger Nixon did not expect to find [false] but found [true],\n\tTimothy Mooney did not expect to find [false] but found [true],\n\tUnity Butler did not expect to find [false] but found [true],\n\tVivian Harrell did not expect to find [false] but found [true],\n\tYuri Berry did not expect to find [false] but found [true],\n\tZenaida Frank did not expect to find [false] but found [true],\n\tZorita Serrano did not expect to find [false] but found [true]","trace":"java.lang.AssertionError: The following asserts failed:\n\tTiger Nixon did not expect to find [false] but found [true],\n\tTimothy Mooney did not expect to find [false] but found [true],\n\tUnity Butler did not expect to find [false] but found [true],\n\tVivian Harrell did not expect to find [false] but found [true],\n\tYuri Berry did not expect to find [false] but found [true],\n\tZenaida Frank did not expect to find [false] but found [true],\n\tZorita Serrano did not expect to find [false] but found [true]\r\n\tat org.testng.asserts.SoftAssert.assertAll(SoftAssert.java:47)\r\n\tat org.testng.asserts.SoftAssert.assertAll(SoftAssert.java:31)\r\n\tat DataTables.Operations.printNameAgeNewYorkersAllPages(Operations.java:89)\r\n\tat DataTables.TableTests.test04_printNamesAgesLiveInNewYorkAllPages(TableTests.java:35)\r\n\tat sun.reflect.NativeMethodAccessorImpl.invoke0(Native Method)\r\n\tat sun.reflect.NativeMethodAccessorImpl.invoke(NativeMethodAccessorImpl.java:62)\r\n\tat sun.reflect.DelegatingMethodAccessorImpl.invoke(DelegatingMethodAccessorImpl.java:43)\r\n\tat java.lang.reflect.Method.invoke(Method.java:498)\r\n\tat org.testng.internal.MethodInvocationHelper.invokeMethod(MethodInvocationHelper.java:133)\r\n\tat org.testng.internal.TestInvoker.invokeMethod(TestInvoker.java:584)\r\n\tat org.testng.internal.TestInvoker.invokeTestMethod(TestInvoker.java:172)\r\n\tat org.testng.internal.MethodRunner.runInSequence(MethodRunner.java:46)\r\n\tat org.testng.internal.TestInvoker$MethodInvocationAgent.invoke(TestInvoker.java:804)\r\n\tat org.testng.internal.TestInvoker.invokeTestMethods(TestInvoker.java:145)\r\n\tat org.testng.internal.TestMethodWorker.invokeTestMethods(TestMethodWorker.java:146)\r\n\tat org.testng.internal.TestMethodWorker.run(TestMethodWorker.java:128)\r\n\tat java.util.ArrayList.forEach(ArrayList.java:1257)\r\n\tat org.testng.TestRunner.privateRun(TestRunner.java:770)\r\n\tat org.testng.TestRunner.run(TestRunner.java:591)\r\n\tat org.testng.SuiteRunner.runTest(SuiteRunner.java:402)\r\n\tat org.testng.SuiteRunner.runSequentially(SuiteRunner.java:396)\r\n\tat org.testng.SuiteRunner.privateRun(SuiteRunner.java:355)\r\n\tat org.testng.SuiteRunner.run(SuiteRunner.java:304)\r\n\tat org.testng.SuiteRunnerWorker.runSuite(SuiteRunnerWorker.java:53)\r\n\tat org.testng.SuiteRunnerWorker.run(SuiteRunnerWorker.java:96)\r\n\tat org.testng.TestNG.runSuitesSequentially(TestNG.java:1180)\r\n\tat org.testng.TestNG.runSuitesLocally(TestNG.java:1102)\r\n\tat org.testng.TestNG.runSuites(TestNG.java:1032)\r\n\tat org.testng.TestNG.run(TestNG.java:1000)\r\n\tat com.intellij.rt.testng.IDEARemoteTestNG.run(IDEARemoteTestNG.java:66)\r\n\tat com.intellij.rt.testng.RemoteTestNGStarter.main(RemoteTestNGStarter.java:109)\r\n"},"stage":"finished","steps":[{"name":"Print out the names and ages of people who live in New York in ALL pages","status":"failed","statusDetails":{"known":false,"muted":false,"flaky":false,"message":"The following asserts failed:\n\tTiger Nixon did not expect to find [false] but found [true],\n\tTimothy Mooney did not expect to find [false] but found [true],\n\tUnity Butler did not expect to find [false] but found [true],\n\tVivian Harrell did not expect to find [false] but found [true],\n\tYuri Berry did not expect to find [false] but found [true],\n\tZenaida Frank did not expect to find [false] but found [true],\n\tZorita Serrano did not expect to find [false] but found [true]","trace":"java.lang.AssertionError: The following asserts failed:\n\tTiger Nixon did not expect to find [false] but found [true],\n\tTimothy Mooney did not expect to find [false] but found [true],\n\tUnity Butler did not expect to find [false] but found [true],\n\tVivian Harrell did not expect to find [false] but found [true],\n\tYuri Berry did not expect to find [false] but found [true],\n\tZenaida Frank did not expect to find [false] but found [true],\n\tZorita Serrano did not expect to find [false] but found [true]\r\n\tat org.testng.asserts.SoftAssert.assertAll(SoftAssert.java:47)\r\n\tat org.testng.asserts.SoftAssert.assertAll(SoftAssert.java:31)\r\n\tat DataTables.Operations.printNameAgeNewYorkersAllPages(Operations.java:89)\r\n\tat DataTables.TableTests.test04_printNamesAgesLiveInNewYorkAllPages(TableTests.java:35)\r\n\tat sun.reflect.NativeMethodAccessorImpl.invoke0(Native Method)\r\n\tat sun.reflect.NativeMethodAccessorImpl.invoke(NativeMethodAccessorImpl.java:62)\r\n\tat sun.reflect.DelegatingMethodAccessorImpl.invoke(DelegatingMethodAccessorImpl.java:43)\r\n\tat java.lang.reflect.Method.invoke(Method.java:498)\r\n\tat org.testng.internal.MethodInvocationHelper.invokeMethod(MethodInvocationHelper.java:133)\r\n\tat org.testng.internal.TestInvoker.invokeMethod(TestInvoker.java:584)\r\n\tat org.testng.internal.TestInvoker.invokeTestMethod(TestInvoker.java:172)\r\n\tat org.testng.internal.MethodRunner.runInSequence(MethodRunner.java:46)\r\n\tat org.testng.internal.TestInvoker$MethodInvocationAgent.invoke(TestInvoker.java:804)\r\n\tat org.testng.internal.TestInvoker.invokeTestMethods(TestInvoker.java:145)\r\n\tat org.testng.internal.TestMethodWorker.invokeTestMethods(TestMethodWorker.java:146)\r\n\tat org.testng.internal.TestMethodWorker.run(TestMethodWorker.java:128)\r\n\tat java.util.ArrayList.forEach(ArrayList.java:1257)\r\n\tat org.testng.TestRunner.privateRun(TestRunner.java:770)\r\n\tat org.testng.TestRunner.run(TestRunner.java:591)\r\n\tat org.testng.SuiteRunner.runTest(SuiteRunner.java:402)\r\n\tat org.testng.SuiteRunner.runSequentially(SuiteRunner.java:396)\r\n\tat org.testng.SuiteRunner.privateRun(SuiteRunner.java:355)\r\n\tat org.testng.SuiteRunner.run(SuiteRunner.java:304)\r\n\tat org.testng.SuiteRunnerWorker.runSuite(SuiteRunnerWorker.java:53)\r\n\tat org.testng.SuiteRunnerWorker.run(SuiteRunnerWorker.java:96)\r\n\tat org.testng.TestNG.runSuitesSequentially(TestNG.java:1180)\r\n\tat org.testng.TestNG.runSuitesLocally(TestNG.java:1102)\r\n\tat org.testng.TestNG.runSuites(TestNG.java:1032)\r\n\tat org.testng.TestNG.run(TestNG.java:1000)\r\n\tat com.intellij.rt.testng.IDEARemoteTestNG.run(IDEARemoteTestNG.java:66)\r\n\tat com.intellij.rt.testng.RemoteTestNGStarter.main(RemoteTestNGStarter.java:109)\r\n"},"stage":"finished","steps":[{"name":"Print out the names and ages of people who live in New York in CURRENT page","status":"passed","stage":"finished","steps":[{"name":"Store current page data in a list, in a global varaible","status":"passed","stage":"finished","steps":[],"attachments":[],"parameters":[],"start":1637699104539,"stop":1637699104539}],"attachments":[],"parameters":[],"start":1637699104539,"stop":1637699104650},{"name":"Verify age is above 22 using soft assert.","status":"passed","stage":"finished","steps":[],"attachments":[],"parameters":[{"name":"list","value":"[[[ChromeDriver: chrome on WINDOWS (cd5b8970da82387a32eb62daff849a40)] -> css selector: #example tbody tr], [[ChromeDriver: chrome on WINDOWS (cd5b8970da82387a32eb62daff849a40)] -> css selector: #example tbody tr], [[ChromeDriver: chrome on WINDOWS (cd5b8970da82387a32eb62daff849a40)] -> css selector: #example tbody tr], [[ChromeDriver: chrome on WINDOWS (cd5b8970da82387a32eb62daff849a40)] -> css selector: #example tbody tr], [[ChromeDriver: chrome on WINDOWS (cd5b8970da82387a32eb62daff849a40)] -> css selector: #example tbody tr], [[ChromeDriver: chrome on WINDOWS (cd5b8970da82387a32eb62daff849a40)] -> css selector: #example tbody tr], [[ChromeDriver: chrome on WINDOWS (cd5b8970da82387a32eb62daff849a40)] -> css selector: #example tbody tr], [[ChromeDriver: chrome on WINDOWS (cd5b8970da82387a32eb62daff849a40)] -> css selector: #example tbody tr], [[ChromeDriver: chrome on WINDOWS (cd5b8970da82387a32eb62daff849a40)] -> css selector: #example tbody tr], [[ChromeDriver: chrome on WINDOWS (cd5b8970da82387a32eb62daff849a40)] -> css selector: #example tbody tr]]"}],"start":1637699104656,"stop":1637699104850},{"name":"'Next' button appearance check","status":"passed","stage":"finished","steps":[],"attachments":[],"parameters":[],"start":1637699104851,"stop":1637699104973},{"name":"Print out the names and ages of people who live in New York in CURRENT page","status":"passed","stage":"finished","steps":[{"name":"Store current page data in a list, in a global varaible","status":"passed","stage":"finished","steps":[],"attachments":[],"parameters":[],"start":1637699104973,"stop":1637699104973}],"attachments":[],"parameters":[],"start":1637699104973,"stop":1637699105114},{"name":"Verify age is above 22 using soft assert.","status":"passed","stage":"finished","steps":[],"attachments":[],"parameters":[{"name":"list","value":"[[[ChromeDriver: chrome on WINDOWS (cd5b8970da82387a32eb62daff849a40)] -> css selector: #example tbody tr], [[ChromeDriver: chrome on WINDOWS (cd5b8970da82387a32eb62daff849a40)] -> css selector: #example tbody tr], [[ChromeDriver: chrome on WINDOWS (cd5b8970da82387a32eb62daff849a40)] -> css selector: #example tbody tr], [[ChromeDriver: chrome on WINDOWS (cd5b8970da82387a32eb62daff849a40)] -> css selector: #example tbody tr], [[ChromeDriver: chrome on WINDOWS (cd5b8970da82387a32eb62daff849a40)] -> css selector: #example tbody tr], [[ChromeDriver: chrome on WINDOWS (cd5b8970da82387a32eb62daff849a40)] -> css selector: #example tbody tr], [[ChromeDriver: chrome on WINDOWS (cd5b8970da82387a32eb62daff849a40)] -> css selector: #example tbody tr], [[ChromeDriver: chrome on WINDOWS (cd5b8970da82387a32eb62daff849a40)] -> css selector: #example tbody tr], [[ChromeDriver: chrome on WINDOWS (cd5b8970da82387a32eb62daff849a40)] -> css selector: #example tbody tr], [[ChromeDriver: chrome on WINDOWS (cd5b8970da82387a32eb62daff849a40)] -> css selector: #example tbody tr]]"}],"start":1637699105118,"stop":1637699105345},{"name":"'Next' button appearance check","status":"passed","stage":"finished","steps":[],"attachments":[],"parameters":[],"start":1637699105345,"stop":1637699105392},{"name":"Print out the names and ages of people who live in New York in CURRENT page","status":"passed","stage":"finished","steps":[{"name":"Store current page data in a list, in a global varaible","status":"passed","stage":"finished","steps":[],"attachments":[],"parameters":[],"start":1637699105392,"stop":1637699105392}],"attachments":[],"parameters":[],"start":1637699105392,"stop":1637699105570},{"name":"Verify age is above 22 using soft assert.","status":"passed","stage":"finished","steps":[],"attachments":[],"parameters":[{"name":"list","value":"[[[ChromeDriver: chrome on WINDOWS (cd5b8970da82387a32eb62daff849a40)] -> css selector: #example tbody tr], [[ChromeDriver: chrome on WINDOWS (cd5b8970da82387a32eb62daff849a40)] -> css selector: #example tbody tr], [[ChromeDriver: chrome on WINDOWS (cd5b8970da82387a32eb62daff849a40)] -> css selector: #example tbody tr], [[ChromeDriver: chrome on WINDOWS (cd5b8970da82387a32eb62daff849a40)] -> css selector: #example tbody tr], [[ChromeDriver: chrome on WINDOWS (cd5b8970da82387a32eb62daff849a40)] -> css selector: #example tbody tr], [[ChromeDriver: chrome on WINDOWS (cd5b8970da82387a32eb62daff849a40)] -> css selector: #example tbody tr], [[ChromeDriver: chrome on WINDOWS (cd5b8970da82387a32eb62daff849a40)] -> css selector: #example tbody tr], [[ChromeDriver: chrome on WINDOWS (cd5b8970da82387a32eb62daff849a40)] -> css selector: #example tbody tr], [[ChromeDriver: chrome on WINDOWS (cd5b8970da82387a32eb62daff849a40)] -> css selector: #example tbody tr], [[ChromeDriver: chrome on WINDOWS (cd5b8970da82387a32eb62daff849a40)] -> css selector: #example tbody tr]]"}],"start":1637699105573,"stop":1637699105771},{"name":"'Next' button appearance check","status":"passed","stage":"finished","steps":[],"attachments":[],"parameters":[],"start":1637699105771,"stop":1637699105811},{"name":"Print out the names and ages of people who live in New York in CURRENT page","status":"passed","stage":"finished","steps":[{"name":"Store current page data in a list, in a global varaible","status":"passed","stage":"finished","steps":[],"attachments":[],"parameters":[],"start":1637699105811,"stop":1637699105811}],"attachments":[],"parameters":[],"start":1637699105811,"stop":1637699105948},{"name":"Verify age is above 22 using soft assert.","status":"passed","stage":"finished","steps":[],"attachments":[],"parameters":[{"name":"list","value":"[[[ChromeDriver: chrome on WINDOWS (cd5b8970da82387a32eb62daff849a40)] -> css selector: #example tbody tr], [[ChromeDriver: chrome on WINDOWS (cd5b8970da82387a32eb62daff849a40)] -> css selector: #example tbody tr], [[ChromeDriver: chrome on WINDOWS (cd5b8970da82387a32eb62daff849a40)] -> css selector: #example tbody tr], [[ChromeDriver: chrome on WINDOWS (cd5b8970da82387a32eb62daff849a40)] -> css selector: #example tbody tr], [[ChromeDriver: chrome on WINDOWS (cd5b8970da82387a32eb62daff849a40)] -> css selector: #example tbody tr], [[ChromeDriver: chrome on WINDOWS (cd5b8970da82387a32eb62daff849a40)] -> css selector: #example tbody tr], [[ChromeDriver: chrome on WINDOWS (cd5b8970da82387a32eb62daff849a40)] -> css selector: #example tbody tr], [[ChromeDriver: chrome on WINDOWS (cd5b8970da82387a32eb62daff849a40)] -> css selector: #example tbody tr], [[ChromeDriver: chrome on WINDOWS (cd5b8970da82387a32eb62daff849a40)] -> css selector: #example tbody tr], [[ChromeDriver: chrome on WINDOWS (cd5b8970da82387a32eb62daff849a40)] -> css selector: #example tbody tr]]"}],"start":1637699105952,"stop":1637699106176},{"name":"'Next' button appearance check","status":"passed","stage":"finished","steps":[],"attachments":[],"parameters":[],"start":1637699106176,"stop":1637699106223},{"name":"Print out the names and ages of people who live in New York in CURRENT page","status":"passed","stage":"finished","steps":[{"name":"Store current page data in a list, in a global varaible","status":"passed","stage":"finished","steps":[],"attachments":[],"parameters":[],"start":1637699106223,"stop":1637699106223}],"attachments":[],"parameters":[],"start":1637699106223,"stop":1637699106370},{"name":"Verify age is above 22 using soft assert.","status":"passed","stage":"finished","steps":[],"attachments":[],"parameters":[{"name":"list","value":"[[[ChromeDriver: chrome on WINDOWS (cd5b8970da82387a32eb62daff849a40)] -> css selector: #example tbody tr], [[ChromeDriver: chrome on WINDOWS (cd5b8970da82387a32eb62daff849a40)] -> css selector: #example tbody tr], [[ChromeDriver: chrome on WINDOWS (cd5b8970da82387a32eb62daff849a40)] -> css selector: #example tbody tr], [[ChromeDriver: chrome on WINDOWS (cd5b8970da82387a32eb62daff849a40)] -> css selector: #example tbody tr], [[ChromeDriver: chrome on WINDOWS (cd5b8970da82387a32eb62daff849a40)] -> css selector: #example tbody tr], [[ChromeDriver: chrome on WINDOWS (cd5b8970da82387a32eb62daff849a40)] -> css selector: #example tbody tr], [[ChromeDriver: chrome on WINDOWS (cd5b8970da82387a32eb62daff849a40)] -> css selector: #example tbody tr], [[ChromeDriver: chrome on WINDOWS (cd5b8970da82387a32eb62daff849a40)] -> css selector: #example tbody tr], [[ChromeDriver: chrome on WINDOWS (cd5b8970da82387a32eb62daff849a40)] -> css selector: #example tbody tr], [[ChromeDriver: chrome on WINDOWS (cd5b8970da82387a32eb62daff849a40)] -> css selector: #example tbody tr]]"}],"start":1637699106374,"stop":1637699106589},{"name":"'Next' button appearance check","status":"passed","stage":"finished","steps":[],"attachments":[],"parameters":[],"start":1637699106589,"stop":1637699106631},{"name":"Print out the names and ages of people who live in New York in CURRENT page","status":"passed","stage":"finished","steps":[{"name":"Store current page data in a list, in a global varaible","status":"passed","stage":"finished","steps":[],"attachments":[],"parameters":[],"start":1637699106631,"stop":1637699106631}],"attachments":[],"parameters":[],"start":1637699106631,"stop":1637699106756},{"name":"Verify age is above 22 using soft assert.","status":"passed","stage":"finished","steps":[],"attachments":[],"parameters":[{"name":"list","value":"[[[ChromeDriver: chrome on WINDOWS (cd5b8970da82387a32eb62daff849a40)] -> css selector: #example tbody tr], [[ChromeDriver: chrome on WINDOWS (cd5b8970da82387a32eb62daff849a40)] -> css selector: #example tbody tr], [[ChromeDriver: chrome on WINDOWS (cd5b8970da82387a32eb62daff849a40)] -> css selector: #example tbody tr], [[ChromeDriver: chrome on WINDOWS (cd5b8970da82387a32eb62daff849a40)] -> css selector: #example tbody tr], [[ChromeDriver: chrome on WINDOWS (cd5b8970da82387a32eb62daff849a40)] -> css selector: #example tbody tr], [[ChromeDriver: chrome on WINDOWS (cd5b8970da82387a32eb62daff849a40)] -> css selector: #example tbody tr], [[ChromeDriver: chrome on WINDOWS (cd5b8970da82387a32eb62daff849a40)] -> css selector: #example tbody tr]]"}],"start":1637699106758,"stop":1637699106897},{"name":"'Next' button appearance check","status":"passed","stage":"finished","steps":[],"attachments":[],"parameters":[],"start":1637699106897,"stop":1637699106904}],"attachments":[],"parameters":[],"start":1637699104537,"stop":1637699106905}],"attachments":[],"parameters":[],"start":1637699104537,"stop":1637699106908,"uuid":"1c0ff1e0-2915-412a-a1f0-f74db0025203","historyId":"b6e62ad2f5c88be312b8883b54c8f108","fullName":"DataTables.TableTests.test04_printNamesAgesLiveInNewYorkAllPages","labels":[{"name":"package","value":"DataTables.TableTests"},{"name":"testClass","value":"DataTables.TableTests"},{"name":"testMethod","value":"test04_printNamesAgesLiveInNewYorkAllPages"},{"name":"parentSuite","value":"Default Suite"},{"name":"suite","value":"TestAutomationBootCamp"},{"name":"subSuite","value":"DataTables.TableTests"},{"name":"host","value":"DESKTOP-K720T7V"},{"name":"thread","value":"22300@DESKTOP-K720T7V.main(1)"},{"name":"framework","value":"testng"},{"name":"language","value":"java"}],"links":[]}