{"name":"Get names and ages of people who live in New Your in ALL pages","status":"failed","statusDetails":{"known":false,"muted":false,"flaky":false,"message":"The following asserts failed:\n\texpected [Yuri Berry] but found [true],\n\texpected [Zenaida Frank] but found [true]","trace":"java.lang.AssertionError: The following asserts failed:\n\texpected [Yuri Berry] but found [true],\n\texpected [Zenaida Frank] but found [true]\r\n\tat org.testng.asserts.SoftAssert.assertAll(SoftAssert.java:47)\r\n\tat org.testng.asserts.SoftAssert.assertAll(SoftAssert.java:31)\r\n\tat DataTables.Operations.printNameAgeNewYorkersAllPages(Operations.java:89)\r\n\tat DataTables.TableTests.test04_printNamesAgesLiveInNewYorkAllPages(TableTests.java:35)\r\n\tat sun.reflect.NativeMethodAccessorImpl.invoke0(Native Method)\r\n\tat sun.reflect.NativeMethodAccessorImpl.invoke(NativeMethodAccessorImpl.java:62)\r\n\tat sun.reflect.DelegatingMethodAccessorImpl.invoke(DelegatingMethodAccessorImpl.java:43)\r\n\tat java.lang.reflect.Method.invoke(Method.java:498)\r\n\tat org.testng.internal.MethodInvocationHelper.invokeMethod(MethodInvocationHelper.java:133)\r\n\tat org.testng.internal.TestInvoker.invokeMethod(TestInvoker.java:584)\r\n\tat org.testng.internal.TestInvoker.invokeTestMethod(TestInvoker.java:172)\r\n\tat org.testng.internal.MethodRunner.runInSequence(MethodRunner.java:46)\r\n\tat org.testng.internal.TestInvoker$MethodInvocationAgent.invoke(TestInvoker.java:804)\r\n\tat org.testng.internal.TestInvoker.invokeTestMethods(TestInvoker.java:145)\r\n\tat org.testng.internal.TestMethodWorker.invokeTestMethods(TestMethodWorker.java:146)\r\n\tat org.testng.internal.TestMethodWorker.run(TestMethodWorker.java:128)\r\n\tat java.util.ArrayList.forEach(ArrayList.java:1257)\r\n\tat org.testng.TestRunner.privateRun(TestRunner.java:770)\r\n\tat org.testng.TestRunner.run(TestRunner.java:591)\r\n\tat org.testng.SuiteRunner.runTest(SuiteRunner.java:402)\r\n\tat org.testng.SuiteRunner.runSequentially(SuiteRunner.java:396)\r\n\tat org.testng.SuiteRunner.privateRun(SuiteRunner.java:355)\r\n\tat org.testng.SuiteRunner.run(SuiteRunner.java:304)\r\n\tat org.testng.SuiteRunnerWorker.runSuite(SuiteRunnerWorker.java:53)\r\n\tat org.testng.SuiteRunnerWorker.run(SuiteRunnerWorker.java:96)\r\n\tat org.testng.TestNG.runSuitesSequentially(TestNG.java:1180)\r\n\tat org.testng.TestNG.runSuitesLocally(TestNG.java:1102)\r\n\tat org.testng.TestNG.runSuites(TestNG.java:1032)\r\n\tat org.testng.TestNG.run(TestNG.java:1000)\r\n\tat com.intellij.rt.testng.IDEARemoteTestNG.run(IDEARemoteTestNG.java:66)\r\n\tat com.intellij.rt.testng.RemoteTestNGStarter.main(RemoteTestNGStarter.java:109)\r\n"},"stage":"finished","steps":[{"name":"Print out the names and ages of people who live in New York in ALL pages","status":"failed","statusDetails":{"known":false,"muted":false,"flaky":false,"message":"The following asserts failed:\n\texpected [Yuri Berry] but found [true],\n\texpected [Zenaida Frank] but found [true]","trace":"java.lang.AssertionError: The following asserts failed:\n\texpected [Yuri Berry] but found [true],\n\texpected [Zenaida Frank] but found [true]\r\n\tat org.testng.asserts.SoftAssert.assertAll(SoftAssert.java:47)\r\n\tat org.testng.asserts.SoftAssert.assertAll(SoftAssert.java:31)\r\n\tat DataTables.Operations.printNameAgeNewYorkersAllPages(Operations.java:89)\r\n\tat DataTables.TableTests.test04_printNamesAgesLiveInNewYorkAllPages(TableTests.java:35)\r\n\tat sun.reflect.NativeMethodAccessorImpl.invoke0(Native Method)\r\n\tat sun.reflect.NativeMethodAccessorImpl.invoke(NativeMethodAccessorImpl.java:62)\r\n\tat sun.reflect.DelegatingMethodAccessorImpl.invoke(DelegatingMethodAccessorImpl.java:43)\r\n\tat java.lang.reflect.Method.invoke(Method.java:498)\r\n\tat org.testng.internal.MethodInvocationHelper.invokeMethod(MethodInvocationHelper.java:133)\r\n\tat org.testng.internal.TestInvoker.invokeMethod(TestInvoker.java:584)\r\n\tat org.testng.internal.TestInvoker.invokeTestMethod(TestInvoker.java:172)\r\n\tat org.testng.internal.MethodRunner.runInSequence(MethodRunner.java:46)\r\n\tat org.testng.internal.TestInvoker$MethodInvocationAgent.invoke(TestInvoker.java:804)\r\n\tat org.testng.internal.TestInvoker.invokeTestMethods(TestInvoker.java:145)\r\n\tat org.testng.internal.TestMethodWorker.invokeTestMethods(TestMethodWorker.java:146)\r\n\tat org.testng.internal.TestMethodWorker.run(TestMethodWorker.java:128)\r\n\tat java.util.ArrayList.forEach(ArrayList.java:1257)\r\n\tat org.testng.TestRunner.privateRun(TestRunner.java:770)\r\n\tat org.testng.TestRunner.run(TestRunner.java:591)\r\n\tat org.testng.SuiteRunner.runTest(SuiteRunner.java:402)\r\n\tat org.testng.SuiteRunner.runSequentially(SuiteRunner.java:396)\r\n\tat org.testng.SuiteRunner.privateRun(SuiteRunner.java:355)\r\n\tat org.testng.SuiteRunner.run(SuiteRunner.java:304)\r\n\tat org.testng.SuiteRunnerWorker.runSuite(SuiteRunnerWorker.java:53)\r\n\tat org.testng.SuiteRunnerWorker.run(SuiteRunnerWorker.java:96)\r\n\tat org.testng.TestNG.runSuitesSequentially(TestNG.java:1180)\r\n\tat org.testng.TestNG.runSuitesLocally(TestNG.java:1102)\r\n\tat org.testng.TestNG.runSuites(TestNG.java:1032)\r\n\tat org.testng.TestNG.run(TestNG.java:1000)\r\n\tat com.intellij.rt.testng.IDEARemoteTestNG.run(IDEARemoteTestNG.java:66)\r\n\tat com.intellij.rt.testng.RemoteTestNGStarter.main(RemoteTestNGStarter.java:109)\r\n"},"stage":"finished","steps":[{"name":"Print out the names and ages of people who live in New York in CURRENT page","status":"passed","stage":"finished","steps":[{"name":"Store current page data in a list, in a global varaible","status":"passed","stage":"finished","steps":[],"attachments":[],"parameters":[],"start":1637699382639,"stop":1637699382639}],"attachments":[],"parameters":[],"start":1637699382639,"stop":1637699382762},{"name":"Verify age is above 22 using soft assert.","status":"passed","stage":"finished","steps":[],"attachments":[],"parameters":[{"name":"list","value":"[[[ChromeDriver: chrome on WINDOWS (bdd7c4612bc155e0b5b7c297310a6e9d)] -> css selector: #example tbody tr], [[ChromeDriver: chrome on WINDOWS (bdd7c4612bc155e0b5b7c297310a6e9d)] -> css selector: #example tbody tr], [[ChromeDriver: chrome on WINDOWS (bdd7c4612bc155e0b5b7c297310a6e9d)] -> css selector: #example tbody tr], [[ChromeDriver: chrome on WINDOWS (bdd7c4612bc155e0b5b7c297310a6e9d)] -> css selector: #example tbody tr], [[ChromeDriver: chrome on WINDOWS (bdd7c4612bc155e0b5b7c297310a6e9d)] -> css selector: #example tbody tr], [[ChromeDriver: chrome on WINDOWS (bdd7c4612bc155e0b5b7c297310a6e9d)] -> css selector: #example tbody tr], [[ChromeDriver: chrome on WINDOWS (bdd7c4612bc155e0b5b7c297310a6e9d)] -> css selector: #example tbody tr], [[ChromeDriver: chrome on WINDOWS (bdd7c4612bc155e0b5b7c297310a6e9d)] -> css selector: #example tbody tr], [[ChromeDriver: chrome on WINDOWS (bdd7c4612bc155e0b5b7c297310a6e9d)] -> css selector: #example tbody tr], [[ChromeDriver: chrome on WINDOWS (bdd7c4612bc155e0b5b7c297310a6e9d)] -> css selector: #example tbody tr]]"}],"start":1637699382768,"stop":1637699382884},{"name":"'Next' button appearance check","status":"passed","stage":"finished","steps":[],"attachments":[],"parameters":[],"start":1637699382884,"stop":1637699382998},{"name":"Print out the names and ages of people who live in New York in CURRENT page","status":"passed","stage":"finished","steps":[{"name":"Store current page data in a list, in a global varaible","status":"passed","stage":"finished","steps":[],"attachments":[],"parameters":[],"start":1637699382999,"stop":1637699382999}],"attachments":[],"parameters":[],"start":1637699382998,"stop":1637699383137},{"name":"Verify age is above 22 using soft assert.","status":"passed","stage":"finished","steps":[],"attachments":[],"parameters":[{"name":"list","value":"[[[ChromeDriver: chrome on WINDOWS (bdd7c4612bc155e0b5b7c297310a6e9d)] -> css selector: #example tbody tr], [[ChromeDriver: chrome on WINDOWS (bdd7c4612bc155e0b5b7c297310a6e9d)] -> css selector: #example tbody tr], [[ChromeDriver: chrome on WINDOWS (bdd7c4612bc155e0b5b7c297310a6e9d)] -> css selector: #example tbody tr], [[ChromeDriver: chrome on WINDOWS (bdd7c4612bc155e0b5b7c297310a6e9d)] -> css selector: #example tbody tr], [[ChromeDriver: chrome on WINDOWS (bdd7c4612bc155e0b5b7c297310a6e9d)] -> css selector: #example tbody tr], [[ChromeDriver: chrome on WINDOWS (bdd7c4612bc155e0b5b7c297310a6e9d)] -> css selector: #example tbody tr], [[ChromeDriver: chrome on WINDOWS (bdd7c4612bc155e0b5b7c297310a6e9d)] -> css selector: #example tbody tr], [[ChromeDriver: chrome on WINDOWS (bdd7c4612bc155e0b5b7c297310a6e9d)] -> css selector: #example tbody tr], [[ChromeDriver: chrome on WINDOWS (bdd7c4612bc155e0b5b7c297310a6e9d)] -> css selector: #example tbody tr], [[ChromeDriver: chrome on WINDOWS (bdd7c4612bc155e0b5b7c297310a6e9d)] -> css selector: #example tbody tr]]"}],"start":1637699383140,"stop":1637699383211},{"name":"'Next' button appearance check","status":"passed","stage":"finished","steps":[],"attachments":[],"parameters":[],"start":1637699383211,"stop":1637699383258},{"name":"Print out the names and ages of people who live in New York in CURRENT page","status":"passed","stage":"finished","steps":[{"name":"Store current page data in a list, in a global varaible","status":"passed","stage":"finished","steps":[],"attachments":[],"parameters":[],"start":1637699383258,"stop":1637699383258}],"attachments":[],"parameters":[],"start":1637699383258,"stop":1637699383435},{"name":"Verify age is above 22 using soft assert.","status":"passed","stage":"finished","steps":[],"attachments":[],"parameters":[{"name":"list","value":"[[[ChromeDriver: chrome on WINDOWS (bdd7c4612bc155e0b5b7c297310a6e9d)] -> css selector: #example tbody tr], [[ChromeDriver: chrome on WINDOWS (bdd7c4612bc155e0b5b7c297310a6e9d)] -> css selector: #example tbody tr], [[ChromeDriver: chrome on WINDOWS (bdd7c4612bc155e0b5b7c297310a6e9d)] -> css selector: #example tbody tr], [[ChromeDriver: chrome on WINDOWS (bdd7c4612bc155e0b5b7c297310a6e9d)] -> css selector: #example tbody tr], [[ChromeDriver: chrome on WINDOWS (bdd7c4612bc155e0b5b7c297310a6e9d)] -> css selector: #example tbody tr], [[ChromeDriver: chrome on WINDOWS (bdd7c4612bc155e0b5b7c297310a6e9d)] -> css selector: #example tbody tr], [[ChromeDriver: chrome on WINDOWS (bdd7c4612bc155e0b5b7c297310a6e9d)] -> css selector: #example tbody tr], [[ChromeDriver: chrome on WINDOWS (bdd7c4612bc155e0b5b7c297310a6e9d)] -> css selector: #example tbody tr], [[ChromeDriver: chrome on WINDOWS (bdd7c4612bc155e0b5b7c297310a6e9d)] -> css selector: #example tbody tr], [[ChromeDriver: chrome on WINDOWS (bdd7c4612bc155e0b5b7c297310a6e9d)] -> css selector: #example tbody tr]]"}],"start":1637699383438,"stop":1637699383532},{"name":"'Next' button appearance check","status":"passed","stage":"finished","steps":[],"attachments":[],"parameters":[],"start":1637699383532,"stop":1637699383573},{"name":"Print out the names and ages of people who live in New York in CURRENT page","status":"passed","stage":"finished","steps":[{"name":"Store current page data in a list, in a global varaible","status":"passed","stage":"finished","steps":[],"attachments":[],"parameters":[],"start":1637699383573,"stop":1637699383573}],"attachments":[],"parameters":[],"start":1637699383573,"stop":1637699383711},{"name":"Verify age is above 22 using soft assert.","status":"passed","stage":"finished","steps":[],"attachments":[],"parameters":[{"name":"list","value":"[[[ChromeDriver: chrome on WINDOWS (bdd7c4612bc155e0b5b7c297310a6e9d)] -> css selector: #example tbody tr], [[ChromeDriver: chrome on WINDOWS (bdd7c4612bc155e0b5b7c297310a6e9d)] -> css selector: #example tbody tr], [[ChromeDriver: chrome on WINDOWS (bdd7c4612bc155e0b5b7c297310a6e9d)] -> css selector: #example tbody tr], [[ChromeDriver: chrome on WINDOWS (bdd7c4612bc155e0b5b7c297310a6e9d)] -> css selector: #example tbody tr], [[ChromeDriver: chrome on WINDOWS (bdd7c4612bc155e0b5b7c297310a6e9d)] -> css selector: #example tbody tr], [[ChromeDriver: chrome on WINDOWS (bdd7c4612bc155e0b5b7c297310a6e9d)] -> css selector: #example tbody tr], [[ChromeDriver: chrome on WINDOWS (bdd7c4612bc155e0b5b7c297310a6e9d)] -> css selector: #example tbody tr], [[ChromeDriver: chrome on WINDOWS (bdd7c4612bc155e0b5b7c297310a6e9d)] -> css selector: #example tbody tr], [[ChromeDriver: chrome on WINDOWS (bdd7c4612bc155e0b5b7c297310a6e9d)] -> css selector: #example tbody tr], [[ChromeDriver: chrome on WINDOWS (bdd7c4612bc155e0b5b7c297310a6e9d)] -> css selector: #example tbody tr]]"}],"start":1637699383713,"stop":1637699383782},{"name":"'Next' button appearance check","status":"passed","stage":"finished","steps":[],"attachments":[],"parameters":[],"start":1637699383782,"stop":1637699383823},{"name":"Print out the names and ages of people who live in New York in CURRENT page","status":"passed","stage":"finished","steps":[{"name":"Store current page data in a list, in a global varaible","status":"passed","stage":"finished","steps":[],"attachments":[],"parameters":[],"start":1637699383823,"stop":1637699383823}],"attachments":[],"parameters":[],"start":1637699383823,"stop":1637699383953},{"name":"Verify age is above 22 using soft assert.","status":"passed","stage":"finished","steps":[],"attachments":[],"parameters":[{"name":"list","value":"[[[ChromeDriver: chrome on WINDOWS (bdd7c4612bc155e0b5b7c297310a6e9d)] -> css selector: #example tbody tr], [[ChromeDriver: chrome on WINDOWS (bdd7c4612bc155e0b5b7c297310a6e9d)] -> css selector: #example tbody tr], [[ChromeDriver: chrome on WINDOWS (bdd7c4612bc155e0b5b7c297310a6e9d)] -> css selector: #example tbody tr], [[ChromeDriver: chrome on WINDOWS (bdd7c4612bc155e0b5b7c297310a6e9d)] -> css selector: #example tbody tr], [[ChromeDriver: chrome on WINDOWS (bdd7c4612bc155e0b5b7c297310a6e9d)] -> css selector: #example tbody tr], [[ChromeDriver: chrome on WINDOWS (bdd7c4612bc155e0b5b7c297310a6e9d)] -> css selector: #example tbody tr], [[ChromeDriver: chrome on WINDOWS (bdd7c4612bc155e0b5b7c297310a6e9d)] -> css selector: #example tbody tr], [[ChromeDriver: chrome on WINDOWS (bdd7c4612bc155e0b5b7c297310a6e9d)] -> css selector: #example tbody tr], [[ChromeDriver: chrome on WINDOWS (bdd7c4612bc155e0b5b7c297310a6e9d)] -> css selector: #example tbody tr], [[ChromeDriver: chrome on WINDOWS (bdd7c4612bc155e0b5b7c297310a6e9d)] -> css selector: #example tbody tr]]"}],"start":1637699383957,"stop":1637699384030},{"name":"'Next' button appearance check","status":"passed","stage":"finished","steps":[],"attachments":[],"parameters":[],"start":1637699384030,"stop":1637699384077},{"name":"Print out the names and ages of people who live in New York in CURRENT page","status":"passed","stage":"finished","steps":[{"name":"Store current page data in a list, in a global varaible","status":"passed","stage":"finished","steps":[],"attachments":[],"parameters":[],"start":1637699384077,"stop":1637699384077}],"attachments":[],"parameters":[],"start":1637699384077,"stop":1637699384221},{"name":"Verify age is above 22 using soft assert.","status":"passed","stage":"finished","steps":[],"attachments":[],"parameters":[{"name":"list","value":"[[[ChromeDriver: chrome on WINDOWS (bdd7c4612bc155e0b5b7c297310a6e9d)] -> css selector: #example tbody tr], [[ChromeDriver: chrome on WINDOWS (bdd7c4612bc155e0b5b7c297310a6e9d)] -> css selector: #example tbody tr], [[ChromeDriver: chrome on WINDOWS (bdd7c4612bc155e0b5b7c297310a6e9d)] -> css selector: #example tbody tr], [[ChromeDriver: chrome on WINDOWS (bdd7c4612bc155e0b5b7c297310a6e9d)] -> css selector: #example tbody tr], [[ChromeDriver: chrome on WINDOWS (bdd7c4612bc155e0b5b7c297310a6e9d)] -> css selector: #example tbody tr], [[ChromeDriver: chrome on WINDOWS (bdd7c4612bc155e0b5b7c297310a6e9d)] -> css selector: #example tbody tr], [[ChromeDriver: chrome on WINDOWS (bdd7c4612bc155e0b5b7c297310a6e9d)] -> css selector: #example tbody tr]]"}],"start":1637699384225,"stop":1637699384301},{"name":"'Next' button appearance check","status":"passed","stage":"finished","steps":[],"attachments":[],"parameters":[],"start":1637699384301,"stop":1637699384308}],"attachments":[],"parameters":[],"start":1637699382636,"stop":1637699384309}],"attachments":[],"parameters":[],"start":1637699382636,"stop":1637699384312,"uuid":"3a5b270f-496e-4d80-ae5c-0bfd15a860ac","historyId":"b6e62ad2f5c88be312b8883b54c8f108","fullName":"DataTables.TableTests.test04_printNamesAgesLiveInNewYorkAllPages","labels":[{"name":"package","value":"DataTables.TableTests"},{"name":"testClass","value":"DataTables.TableTests"},{"name":"testMethod","value":"test04_printNamesAgesLiveInNewYorkAllPages"},{"name":"parentSuite","value":"Default Suite"},{"name":"suite","value":"TestAutomationBootCamp"},{"name":"subSuite","value":"DataTables.TableTests"},{"name":"host","value":"DESKTOP-K720T7V"},{"name":"thread","value":"996@DESKTOP-K720T7V.main(1)"},{"name":"framework","value":"testng"},{"name":"language","value":"java"}],"links":[]}