{"name":"Get names and ages of people who live in New Your in ALL pages","status":"failed","statusDetails":{"known":false,"muted":false,"flaky":false,"message":"The following asserts failed:\n\tTiger Nixon did not expect to find [true] but found [false],\n\tTimothy Mooney did not expect to find [true] but found [false],\n\tUnity Butler did not expect to find [true] but found [false],\n\tVivian Harrell did not expect to find [true] but found [false],\n\tYuri Berry did not expect to find [true] but found [false],\n\tZenaida Frank did not expect to find [true] but found [false],\n\tZorita Serrano did not expect to find [true] but found [false]","trace":"java.lang.AssertionError: The following asserts failed:\n\tTiger Nixon did not expect to find [true] but found [false],\n\tTimothy Mooney did not expect to find [true] but found [false],\n\tUnity Butler did not expect to find [true] but found [false],\n\tVivian Harrell did not expect to find [true] but found [false],\n\tYuri Berry did not expect to find [true] but found [false],\n\tZenaida Frank did not expect to find [true] but found [false],\n\tZorita Serrano did not expect to find [true] but found [false]\r\n\tat org.testng.asserts.SoftAssert.assertAll(SoftAssert.java:47)\r\n\tat org.testng.asserts.SoftAssert.assertAll(SoftAssert.java:31)\r\n\tat DataTables.Operations.printNameAgeNewYorkersAllPages(Operations.java:89)\r\n\tat DataTables.TableTests.test04_printNamesAgesLiveInNewYorkAllPages(TableTests.java:35)\r\n\tat sun.reflect.NativeMethodAccessorImpl.invoke0(Native Method)\r\n\tat sun.reflect.NativeMethodAccessorImpl.invoke(NativeMethodAccessorImpl.java:62)\r\n\tat sun.reflect.DelegatingMethodAccessorImpl.invoke(DelegatingMethodAccessorImpl.java:43)\r\n\tat java.lang.reflect.Method.invoke(Method.java:498)\r\n\tat org.testng.internal.MethodInvocationHelper.invokeMethod(MethodInvocationHelper.java:133)\r\n\tat org.testng.internal.TestInvoker.invokeMethod(TestInvoker.java:584)\r\n\tat org.testng.internal.TestInvoker.invokeTestMethod(TestInvoker.java:172)\r\n\tat org.testng.internal.MethodRunner.runInSequence(MethodRunner.java:46)\r\n\tat org.testng.internal.TestInvoker$MethodInvocationAgent.invoke(TestInvoker.java:804)\r\n\tat org.testng.internal.TestInvoker.invokeTestMethods(TestInvoker.java:145)\r\n\tat org.testng.internal.TestMethodWorker.invokeTestMethods(TestMethodWorker.java:146)\r\n\tat org.testng.internal.TestMethodWorker.run(TestMethodWorker.java:128)\r\n\tat java.util.ArrayList.forEach(ArrayList.java:1257)\r\n\tat org.testng.TestRunner.privateRun(TestRunner.java:770)\r\n\tat org.testng.TestRunner.run(TestRunner.java:591)\r\n\tat org.testng.SuiteRunner.runTest(SuiteRunner.java:402)\r\n\tat org.testng.SuiteRunner.runSequentially(SuiteRunner.java:396)\r\n\tat org.testng.SuiteRunner.privateRun(SuiteRunner.java:355)\r\n\tat org.testng.SuiteRunner.run(SuiteRunner.java:304)\r\n\tat org.testng.SuiteRunnerWorker.runSuite(SuiteRunnerWorker.java:53)\r\n\tat org.testng.SuiteRunnerWorker.run(SuiteRunnerWorker.java:96)\r\n\tat org.testng.TestNG.runSuitesSequentially(TestNG.java:1180)\r\n\tat org.testng.TestNG.runSuitesLocally(TestNG.java:1102)\r\n\tat org.testng.TestNG.runSuites(TestNG.java:1032)\r\n\tat org.testng.TestNG.run(TestNG.java:1000)\r\n\tat com.intellij.rt.testng.IDEARemoteTestNG.run(IDEARemoteTestNG.java:66)\r\n\tat com.intellij.rt.testng.RemoteTestNGStarter.main(RemoteTestNGStarter.java:109)\r\n"},"stage":"finished","steps":[{"name":"Print out the names and ages of people who live in New York in ALL pages","status":"failed","statusDetails":{"known":false,"muted":false,"flaky":false,"message":"The following asserts failed:\n\tTiger Nixon did not expect to find [true] but found [false],\n\tTimothy Mooney did not expect to find [true] but found [false],\n\tUnity Butler did not expect to find [true] but found [false],\n\tVivian Harrell did not expect to find [true] but found [false],\n\tYuri Berry did not expect to find [true] but found [false],\n\tZenaida Frank did not expect to find [true] but found [false],\n\tZorita Serrano did not expect to find [true] but found [false]","trace":"java.lang.AssertionError: The following asserts failed:\n\tTiger Nixon did not expect to find [true] but found [false],\n\tTimothy Mooney did not expect to find [true] but found [false],\n\tUnity Butler did not expect to find [true] but found [false],\n\tVivian Harrell did not expect to find [true] but found [false],\n\tYuri Berry did not expect to find [true] but found [false],\n\tZenaida Frank did not expect to find [true] but found [false],\n\tZorita Serrano did not expect to find [true] but found [false]\r\n\tat org.testng.asserts.SoftAssert.assertAll(SoftAssert.java:47)\r\n\tat org.testng.asserts.SoftAssert.assertAll(SoftAssert.java:31)\r\n\tat DataTables.Operations.printNameAgeNewYorkersAllPages(Operations.java:89)\r\n\tat DataTables.TableTests.test04_printNamesAgesLiveInNewYorkAllPages(TableTests.java:35)\r\n\tat sun.reflect.NativeMethodAccessorImpl.invoke0(Native Method)\r\n\tat sun.reflect.NativeMethodAccessorImpl.invoke(NativeMethodAccessorImpl.java:62)\r\n\tat sun.reflect.DelegatingMethodAccessorImpl.invoke(DelegatingMethodAccessorImpl.java:43)\r\n\tat java.lang.reflect.Method.invoke(Method.java:498)\r\n\tat org.testng.internal.MethodInvocationHelper.invokeMethod(MethodInvocationHelper.java:133)\r\n\tat org.testng.internal.TestInvoker.invokeMethod(TestInvoker.java:584)\r\n\tat org.testng.internal.TestInvoker.invokeTestMethod(TestInvoker.java:172)\r\n\tat org.testng.internal.MethodRunner.runInSequence(MethodRunner.java:46)\r\n\tat org.testng.internal.TestInvoker$MethodInvocationAgent.invoke(TestInvoker.java:804)\r\n\tat org.testng.internal.TestInvoker.invokeTestMethods(TestInvoker.java:145)\r\n\tat org.testng.internal.TestMethodWorker.invokeTestMethods(TestMethodWorker.java:146)\r\n\tat org.testng.internal.TestMethodWorker.run(TestMethodWorker.java:128)\r\n\tat java.util.ArrayList.forEach(ArrayList.java:1257)\r\n\tat org.testng.TestRunner.privateRun(TestRunner.java:770)\r\n\tat org.testng.TestRunner.run(TestRunner.java:591)\r\n\tat org.testng.SuiteRunner.runTest(SuiteRunner.java:402)\r\n\tat org.testng.SuiteRunner.runSequentially(SuiteRunner.java:396)\r\n\tat org.testng.SuiteRunner.privateRun(SuiteRunner.java:355)\r\n\tat org.testng.SuiteRunner.run(SuiteRunner.java:304)\r\n\tat org.testng.SuiteRunnerWorker.runSuite(SuiteRunnerWorker.java:53)\r\n\tat org.testng.SuiteRunnerWorker.run(SuiteRunnerWorker.java:96)\r\n\tat org.testng.TestNG.runSuitesSequentially(TestNG.java:1180)\r\n\tat org.testng.TestNG.runSuitesLocally(TestNG.java:1102)\r\n\tat org.testng.TestNG.runSuites(TestNG.java:1032)\r\n\tat org.testng.TestNG.run(TestNG.java:1000)\r\n\tat com.intellij.rt.testng.IDEARemoteTestNG.run(IDEARemoteTestNG.java:66)\r\n\tat com.intellij.rt.testng.RemoteTestNGStarter.main(RemoteTestNGStarter.java:109)\r\n"},"stage":"finished","steps":[{"name":"Print out the names and ages of people who live in New York in CURRENT page","status":"passed","stage":"finished","steps":[{"name":"Store current page data in a list, in a global varaible","status":"passed","stage":"finished","steps":[],"attachments":[],"parameters":[],"start":1637699154369,"stop":1637699154369}],"attachments":[],"parameters":[],"start":1637699154368,"stop":1637699154480},{"name":"Verify age is above 22 using soft assert.","status":"passed","stage":"finished","steps":[],"attachments":[],"parameters":[{"name":"list","value":"[[[ChromeDriver: chrome on WINDOWS (c2feda00ebd21add4fa25ecdea870e71)] -> css selector: #example tbody tr], [[ChromeDriver: chrome on WINDOWS (c2feda00ebd21add4fa25ecdea870e71)] -> css selector: #example tbody tr], [[ChromeDriver: chrome on WINDOWS (c2feda00ebd21add4fa25ecdea870e71)] -> css selector: #example tbody tr], [[ChromeDriver: chrome on WINDOWS (c2feda00ebd21add4fa25ecdea870e71)] -> css selector: #example tbody tr], [[ChromeDriver: chrome on WINDOWS (c2feda00ebd21add4fa25ecdea870e71)] -> css selector: #example tbody tr], [[ChromeDriver: chrome on WINDOWS (c2feda00ebd21add4fa25ecdea870e71)] -> css selector: #example tbody tr], [[ChromeDriver: chrome on WINDOWS (c2feda00ebd21add4fa25ecdea870e71)] -> css selector: #example tbody tr], [[ChromeDriver: chrome on WINDOWS (c2feda00ebd21add4fa25ecdea870e71)] -> css selector: #example tbody tr], [[ChromeDriver: chrome on WINDOWS (c2feda00ebd21add4fa25ecdea870e71)] -> css selector: #example tbody tr], [[ChromeDriver: chrome on WINDOWS (c2feda00ebd21add4fa25ecdea870e71)] -> css selector: #example tbody tr]]"}],"start":1637699154486,"stop":1637699154676},{"name":"'Next' button appearance check","status":"passed","stage":"finished","steps":[],"attachments":[],"parameters":[],"start":1637699154676,"stop":1637699154792},{"name":"Print out the names and ages of people who live in New York in CURRENT page","status":"passed","stage":"finished","steps":[{"name":"Store current page data in a list, in a global varaible","status":"passed","stage":"finished","steps":[],"attachments":[],"parameters":[],"start":1637699154792,"stop":1637699154792}],"attachments":[],"parameters":[],"start":1637699154792,"stop":1637699154927},{"name":"Verify age is above 22 using soft assert.","status":"passed","stage":"finished","steps":[],"attachments":[],"parameters":[{"name":"list","value":"[[[ChromeDriver: chrome on WINDOWS (c2feda00ebd21add4fa25ecdea870e71)] -> css selector: #example tbody tr], [[ChromeDriver: chrome on WINDOWS (c2feda00ebd21add4fa25ecdea870e71)] -> css selector: #example tbody tr], [[ChromeDriver: chrome on WINDOWS (c2feda00ebd21add4fa25ecdea870e71)] -> css selector: #example tbody tr], [[ChromeDriver: chrome on WINDOWS (c2feda00ebd21add4fa25ecdea870e71)] -> css selector: #example tbody tr], [[ChromeDriver: chrome on WINDOWS (c2feda00ebd21add4fa25ecdea870e71)] -> css selector: #example tbody tr], [[ChromeDriver: chrome on WINDOWS (c2feda00ebd21add4fa25ecdea870e71)] -> css selector: #example tbody tr], [[ChromeDriver: chrome on WINDOWS (c2feda00ebd21add4fa25ecdea870e71)] -> css selector: #example tbody tr], [[ChromeDriver: chrome on WINDOWS (c2feda00ebd21add4fa25ecdea870e71)] -> css selector: #example tbody tr], [[ChromeDriver: chrome on WINDOWS (c2feda00ebd21add4fa25ecdea870e71)] -> css selector: #example tbody tr], [[ChromeDriver: chrome on WINDOWS (c2feda00ebd21add4fa25ecdea870e71)] -> css selector: #example tbody tr]]"}],"start":1637699154930,"stop":1637699155155},{"name":"'Next' button appearance check","status":"passed","stage":"finished","steps":[],"attachments":[],"parameters":[],"start":1637699155155,"stop":1637699155208},{"name":"Print out the names and ages of people who live in New York in CURRENT page","status":"passed","stage":"finished","steps":[{"name":"Store current page data in a list, in a global varaible","status":"passed","stage":"finished","steps":[],"attachments":[],"parameters":[],"start":1637699155208,"stop":1637699155208}],"attachments":[],"parameters":[],"start":1637699155208,"stop":1637699155401},{"name":"Verify age is above 22 using soft assert.","status":"passed","stage":"finished","steps":[],"attachments":[],"parameters":[{"name":"list","value":"[[[ChromeDriver: chrome on WINDOWS (c2feda00ebd21add4fa25ecdea870e71)] -> css selector: #example tbody tr], [[ChromeDriver: chrome on WINDOWS (c2feda00ebd21add4fa25ecdea870e71)] -> css selector: #example tbody tr], [[ChromeDriver: chrome on WINDOWS (c2feda00ebd21add4fa25ecdea870e71)] -> css selector: #example tbody tr], [[ChromeDriver: chrome on WINDOWS (c2feda00ebd21add4fa25ecdea870e71)] -> css selector: #example tbody tr], [[ChromeDriver: chrome on WINDOWS (c2feda00ebd21add4fa25ecdea870e71)] -> css selector: #example tbody tr], [[ChromeDriver: chrome on WINDOWS (c2feda00ebd21add4fa25ecdea870e71)] -> css selector: #example tbody tr], [[ChromeDriver: chrome on WINDOWS (c2feda00ebd21add4fa25ecdea870e71)] -> css selector: #example tbody tr], [[ChromeDriver: chrome on WINDOWS (c2feda00ebd21add4fa25ecdea870e71)] -> css selector: #example tbody tr], [[ChromeDriver: chrome on WINDOWS (c2feda00ebd21add4fa25ecdea870e71)] -> css selector: #example tbody tr], [[ChromeDriver: chrome on WINDOWS (c2feda00ebd21add4fa25ecdea870e71)] -> css selector: #example tbody tr]]"}],"start":1637699155404,"stop":1637699155595},{"name":"'Next' button appearance check","status":"passed","stage":"finished","steps":[],"attachments":[],"parameters":[],"start":1637699155595,"stop":1637699155636},{"name":"Print out the names and ages of people who live in New York in CURRENT page","status":"passed","stage":"finished","steps":[{"name":"Store current page data in a list, in a global varaible","status":"passed","stage":"finished","steps":[],"attachments":[],"parameters":[],"start":1637699155636,"stop":1637699155636}],"attachments":[],"parameters":[],"start":1637699155636,"stop":1637699155768},{"name":"Verify age is above 22 using soft assert.","status":"passed","stage":"finished","steps":[],"attachments":[],"parameters":[{"name":"list","value":"[[[ChromeDriver: chrome on WINDOWS (c2feda00ebd21add4fa25ecdea870e71)] -> css selector: #example tbody tr], [[ChromeDriver: chrome on WINDOWS (c2feda00ebd21add4fa25ecdea870e71)] -> css selector: #example tbody tr], [[ChromeDriver: chrome on WINDOWS (c2feda00ebd21add4fa25ecdea870e71)] -> css selector: #example tbody tr], [[ChromeDriver: chrome on WINDOWS (c2feda00ebd21add4fa25ecdea870e71)] -> css selector: #example tbody tr], [[ChromeDriver: chrome on WINDOWS (c2feda00ebd21add4fa25ecdea870e71)] -> css selector: #example tbody tr], [[ChromeDriver: chrome on WINDOWS (c2feda00ebd21add4fa25ecdea870e71)] -> css selector: #example tbody tr], [[ChromeDriver: chrome on WINDOWS (c2feda00ebd21add4fa25ecdea870e71)] -> css selector: #example tbody tr], [[ChromeDriver: chrome on WINDOWS (c2feda00ebd21add4fa25ecdea870e71)] -> css selector: #example tbody tr], [[ChromeDriver: chrome on WINDOWS (c2feda00ebd21add4fa25ecdea870e71)] -> css selector: #example tbody tr], [[ChromeDriver: chrome on WINDOWS (c2feda00ebd21add4fa25ecdea870e71)] -> css selector: #example tbody tr]]"}],"start":1637699155771,"stop":1637699155988},{"name":"'Next' button appearance check","status":"passed","stage":"finished","steps":[],"attachments":[],"parameters":[],"start":1637699155988,"stop":1637699156032},{"name":"Print out the names and ages of people who live in New York in CURRENT page","status":"passed","stage":"finished","steps":[{"name":"Store current page data in a list, in a global varaible","status":"passed","stage":"finished","steps":[],"attachments":[],"parameters":[],"start":1637699156032,"stop":1637699156032}],"attachments":[],"parameters":[],"start":1637699156032,"stop":1637699156183},{"name":"Verify age is above 22 using soft assert.","status":"passed","stage":"finished","steps":[],"attachments":[],"parameters":[{"name":"list","value":"[[[ChromeDriver: chrome on WINDOWS (c2feda00ebd21add4fa25ecdea870e71)] -> css selector: #example tbody tr], [[ChromeDriver: chrome on WINDOWS (c2feda00ebd21add4fa25ecdea870e71)] -> css selector: #example tbody tr], [[ChromeDriver: chrome on WINDOWS (c2feda00ebd21add4fa25ecdea870e71)] -> css selector: #example tbody tr], [[ChromeDriver: chrome on WINDOWS (c2feda00ebd21add4fa25ecdea870e71)] -> css selector: #example tbody tr], [[ChromeDriver: chrome on WINDOWS (c2feda00ebd21add4fa25ecdea870e71)] -> css selector: #example tbody tr], [[ChromeDriver: chrome on WINDOWS (c2feda00ebd21add4fa25ecdea870e71)] -> css selector: #example tbody tr], [[ChromeDriver: chrome on WINDOWS (c2feda00ebd21add4fa25ecdea870e71)] -> css selector: #example tbody tr], [[ChromeDriver: chrome on WINDOWS (c2feda00ebd21add4fa25ecdea870e71)] -> css selector: #example tbody tr], [[ChromeDriver: chrome on WINDOWS (c2feda00ebd21add4fa25ecdea870e71)] -> css selector: #example tbody tr], [[ChromeDriver: chrome on WINDOWS (c2feda00ebd21add4fa25ecdea870e71)] -> css selector: #example tbody tr]]"}],"start":1637699156187,"stop":1637699156419},{"name":"'Next' button appearance check","status":"passed","stage":"finished","steps":[],"attachments":[],"parameters":[],"start":1637699156419,"stop":1637699156461},{"name":"Print out the names and ages of people who live in New York in CURRENT page","status":"passed","stage":"finished","steps":[{"name":"Store current page data in a list, in a global varaible","status":"passed","stage":"finished","steps":[],"attachments":[],"parameters":[],"start":1637699156461,"stop":1637699156461}],"attachments":[],"parameters":[],"start":1637699156461,"stop":1637699156588},{"name":"Verify age is above 22 using soft assert.","status":"passed","stage":"finished","steps":[],"attachments":[],"parameters":[{"name":"list","value":"[[[ChromeDriver: chrome on WINDOWS (c2feda00ebd21add4fa25ecdea870e71)] -> css selector: #example tbody tr], [[ChromeDriver: chrome on WINDOWS (c2feda00ebd21add4fa25ecdea870e71)] -> css selector: #example tbody tr], [[ChromeDriver: chrome on WINDOWS (c2feda00ebd21add4fa25ecdea870e71)] -> css selector: #example tbody tr], [[ChromeDriver: chrome on WINDOWS (c2feda00ebd21add4fa25ecdea870e71)] -> css selector: #example tbody tr], [[ChromeDriver: chrome on WINDOWS (c2feda00ebd21add4fa25ecdea870e71)] -> css selector: #example tbody tr], [[ChromeDriver: chrome on WINDOWS (c2feda00ebd21add4fa25ecdea870e71)] -> css selector: #example tbody tr], [[ChromeDriver: chrome on WINDOWS (c2feda00ebd21add4fa25ecdea870e71)] -> css selector: #example tbody tr]]"}],"start":1637699156591,"stop":1637699156730},{"name":"'Next' button appearance check","status":"passed","stage":"finished","steps":[],"attachments":[],"parameters":[],"start":1637699156730,"stop":1637699156738}],"attachments":[],"parameters":[],"start":1637699154366,"stop":1637699156738}],"attachments":[],"parameters":[],"start":1637699154366,"stop":1637699156741,"uuid":"6bb8868c-a949-4be2-aaf9-0527c0848819","historyId":"b6e62ad2f5c88be312b8883b54c8f108","fullName":"DataTables.TableTests.test04_printNamesAgesLiveInNewYorkAllPages","labels":[{"name":"package","value":"DataTables.TableTests"},{"name":"testClass","value":"DataTables.TableTests"},{"name":"testMethod","value":"test04_printNamesAgesLiveInNewYorkAllPages"},{"name":"parentSuite","value":"Default Suite"},{"name":"suite","value":"TestAutomationBootCamp"},{"name":"subSuite","value":"DataTables.TableTests"},{"name":"host","value":"DESKTOP-K720T7V"},{"name":"thread","value":"27440@DESKTOP-K720T7V.main(1)"},{"name":"framework","value":"testng"},{"name":"language","value":"java"}],"links":[]}