{"name":"Get names and ages of people who live in New Your in ALL pages","status":"broken","statusDetails":{"known":false,"muted":false,"flaky":false,"message":"stale element reference: element is not attached to the page document\n  (Session info: chrome=96.0.4664.45)\nFor documentation on this error, please visit: https://selenium.dev/exceptions/#stale_element_reference\nBuild info: version: '4.0.0', revision: '3a21814679'\nSystem info: host: 'DESKTOP-K720T7V', ip: '10.0.0.1', os.name: 'Windows 10', os.arch: 'amd64', os.version: '10.0', java.version: '1.8.0_211'\nDriver info: org.openqa.selenium.chrome.ChromeDriver\nCommand: [8524be09bbc07c8a520700a7a4b0c4d9, findChildElement {id=94dbf68e-9fd9-4401-90cf-37f1a0b17fd1, using=css selector, value=td:nth-child(3)}]\nCapabilities {acceptInsecureCerts: false, browserName: chrome, browserVersion: 96.0.4664.45, chrome: {chromedriverVersion: 96.0.4664.45 (76e4c1bb2ab46..., userDataDir: C:\\Users\\Some1\\AppData\\Loca...}, goog:chromeOptions: {debuggerAddress: localhost:65122}, javascriptEnabled: true, networkConnectionEnabled: false, pageLoadStrategy: normal, platform: WINDOWS, platformName: WINDOWS, proxy: Proxy(), se:cdp: ws://localhost:65122/devtoo..., se:cdpVersion: 96.0.4664.45, setWindowRect: true, strictFileInteractability: false, timeouts: {implicit: 0, pageLoad: 300000, script: 30000}, unhandledPromptBehavior: dismiss and notify, webauthn:extension:credBlob: true, webauthn:extension:largeBlob: true, webauthn:virtualAuthenticators: true}\nSession ID: 8524be09bbc07c8a520700a7a4b0c4d9","trace":"org.openqa.selenium.StaleElementReferenceException: stale element reference: element is not attached to the page document\n  (Session info: chrome=96.0.4664.45)\nFor documentation on this error, please visit: https://selenium.dev/exceptions/#stale_element_reference\nBuild info: version: '4.0.0', revision: '3a21814679'\nSystem info: host: 'DESKTOP-K720T7V', ip: '10.0.0.1', os.name: 'Windows 10', os.arch: 'amd64', os.version: '10.0', java.version: '1.8.0_211'\nDriver info: org.openqa.selenium.chrome.ChromeDriver\nCommand: [8524be09bbc07c8a520700a7a4b0c4d9, findChildElement {id=94dbf68e-9fd9-4401-90cf-37f1a0b17fd1, using=css selector, value=td:nth-child(3)}]\nCapabilities {acceptInsecureCerts: false, browserName: chrome, browserVersion: 96.0.4664.45, chrome: {chromedriverVersion: 96.0.4664.45 (76e4c1bb2ab46..., userDataDir: C:\\Users\\Some1\\AppData\\Loca...}, goog:chromeOptions: {debuggerAddress: localhost:65122}, javascriptEnabled: true, networkConnectionEnabled: false, pageLoadStrategy: normal, platform: WINDOWS, platformName: WINDOWS, proxy: Proxy(), se:cdp: ws://localhost:65122/devtoo..., se:cdpVersion: 96.0.4664.45, setWindowRect: true, strictFileInteractability: false, timeouts: {implicit: 0, pageLoad: 300000, script: 30000}, unhandledPromptBehavior: dismiss and notify, webauthn:extension:credBlob: true, webauthn:extension:largeBlob: true, webauthn:virtualAuthenticators: true}\nSession ID: 8524be09bbc07c8a520700a7a4b0c4d9\r\n\tat sun.reflect.NativeConstructorAccessorImpl.newInstance0(Native Method)\r\n\tat sun.reflect.NativeConstructorAccessorImpl.newInstance(NativeConstructorAccessorImpl.java:62)\r\n\tat sun.reflect.DelegatingConstructorAccessorImpl.newInstance(DelegatingConstructorAccessorImpl.java:45)\r\n\tat java.lang.reflect.Constructor.newInstance(Constructor.java:423)\r\n\tat org.openqa.selenium.remote.codec.w3c.W3CHttpResponseCodec.createException(W3CHttpResponseCodec.java:200)\r\n\tat org.openqa.selenium.remote.codec.w3c.W3CHttpResponseCodec.decode(W3CHttpResponseCodec.java:133)\r\n\tat org.openqa.selenium.remote.codec.w3c.W3CHttpResponseCodec.decode(W3CHttpResponseCodec.java:53)\r\n\tat org.openqa.selenium.remote.HttpCommandExecutor.execute(HttpCommandExecutor.java:184)\r\n\tat org.openqa.selenium.remote.service.DriverCommandExecutor.invokeExecute(DriverCommandExecutor.java:164)\r\n\tat org.openqa.selenium.remote.service.DriverCommandExecutor.execute(DriverCommandExecutor.java:139)\r\n\tat org.openqa.selenium.remote.RemoteWebDriver.execute(RemoteWebDriver.java:559)\r\n\tat org.openqa.selenium.remote.ElementLocation$ElementFinder$2.findElement(ElementLocation.java:162)\r\n\tat org.openqa.selenium.remote.ElementLocation.findElement(ElementLocation.java:60)\r\n\tat org.openqa.selenium.remote.RemoteWebDriver.findElement(RemoteWebDriver.java:383)\r\n\tat org.openqa.selenium.remote.RemoteWebElement.findElement(RemoteWebElement.java:221)\r\n\tat DataTables.Verifications.verifyAge(Verifications.java:15)\r\n\tat DataTables.Operations.printNameAgeNewYorkersAllPages(Operations.java:92)\r\n\tat DataTables.TableTests.test04_printNamesAgesLiveInNewYorkAllPages(TableTests.java:35)\r\n\tat sun.reflect.NativeMethodAccessorImpl.invoke0(Native Method)\r\n\tat sun.reflect.NativeMethodAccessorImpl.invoke(NativeMethodAccessorImpl.java:62)\r\n\tat sun.reflect.DelegatingMethodAccessorImpl.invoke(DelegatingMethodAccessorImpl.java:43)\r\n\tat java.lang.reflect.Method.invoke(Method.java:498)\r\n\tat org.testng.internal.MethodInvocationHelper.invokeMethod(MethodInvocationHelper.java:133)\r\n\tat org.testng.internal.TestInvoker.invokeMethod(TestInvoker.java:584)\r\n\tat org.testng.internal.TestInvoker.invokeTestMethod(TestInvoker.java:172)\r\n\tat org.testng.internal.MethodRunner.runInSequence(MethodRunner.java:46)\r\n\tat org.testng.internal.TestInvoker$MethodInvocationAgent.invoke(TestInvoker.java:804)\r\n\tat org.testng.internal.TestInvoker.invokeTestMethods(TestInvoker.java:145)\r\n\tat org.testng.internal.TestMethodWorker.invokeTestMethods(TestMethodWorker.java:146)\r\n\tat org.testng.internal.TestMethodWorker.run(TestMethodWorker.java:128)\r\n\tat java.util.ArrayList.forEach(ArrayList.java:1257)\r\n\tat org.testng.TestRunner.privateRun(TestRunner.java:770)\r\n\tat org.testng.TestRunner.run(TestRunner.java:591)\r\n\tat org.testng.SuiteRunner.runTest(SuiteRunner.java:402)\r\n\tat org.testng.SuiteRunner.runSequentially(SuiteRunner.java:396)\r\n\tat org.testng.SuiteRunner.privateRun(SuiteRunner.java:355)\r\n\tat org.testng.SuiteRunner.run(SuiteRunner.java:304)\r\n\tat org.testng.SuiteRunnerWorker.runSuite(SuiteRunnerWorker.java:53)\r\n\tat org.testng.SuiteRunnerWorker.run(SuiteRunnerWorker.java:96)\r\n\tat org.testng.TestNG.runSuitesSequentially(TestNG.java:1180)\r\n\tat org.testng.TestNG.runSuitesLocally(TestNG.java:1102)\r\n\tat org.testng.TestNG.runSuites(TestNG.java:1032)\r\n\tat org.testng.TestNG.run(TestNG.java:1000)\r\n\tat com.intellij.rt.testng.IDEARemoteTestNG.run(IDEARemoteTestNG.java:66)\r\n\tat com.intellij.rt.testng.RemoteTestNGStarter.main(RemoteTestNGStarter.java:109)\r\n"},"stage":"finished","steps":[{"name":"Print out the names and ages of people who live in New York in ALL pages","status":"broken","statusDetails":{"known":false,"muted":false,"flaky":false,"message":"stale element reference: element is not attached to the page document\n  (Session info: chrome=96.0.4664.45)\nFor documentation on this error, please visit: https://selenium.dev/exceptions/#stale_element_reference\nBuild info: version: '4.0.0', revision: '3a21814679'\nSystem info: host: 'DESKTOP-K720T7V', ip: '10.0.0.1', os.name: 'Windows 10', os.arch: 'amd64', os.version: '10.0', java.version: '1.8.0_211'\nDriver info: org.openqa.selenium.chrome.ChromeDriver\nCommand: [8524be09bbc07c8a520700a7a4b0c4d9, findChildElement {id=94dbf68e-9fd9-4401-90cf-37f1a0b17fd1, using=css selector, value=td:nth-child(3)}]\nCapabilities {acceptInsecureCerts: false, browserName: chrome, browserVersion: 96.0.4664.45, chrome: {chromedriverVersion: 96.0.4664.45 (76e4c1bb2ab46..., userDataDir: C:\\Users\\Some1\\AppData\\Loca...}, goog:chromeOptions: {debuggerAddress: localhost:65122}, javascriptEnabled: true, networkConnectionEnabled: false, pageLoadStrategy: normal, platform: WINDOWS, platformName: WINDOWS, proxy: Proxy(), se:cdp: ws://localhost:65122/devtoo..., se:cdpVersion: 96.0.4664.45, setWindowRect: true, strictFileInteractability: false, timeouts: {implicit: 0, pageLoad: 300000, script: 30000}, unhandledPromptBehavior: dismiss and notify, webauthn:extension:credBlob: true, webauthn:extension:largeBlob: true, webauthn:virtualAuthenticators: true}\nSession ID: 8524be09bbc07c8a520700a7a4b0c4d9","trace":"org.openqa.selenium.StaleElementReferenceException: stale element reference: element is not attached to the page document\n  (Session info: chrome=96.0.4664.45)\nFor documentation on this error, please visit: https://selenium.dev/exceptions/#stale_element_reference\nBuild info: version: '4.0.0', revision: '3a21814679'\nSystem info: host: 'DESKTOP-K720T7V', ip: '10.0.0.1', os.name: 'Windows 10', os.arch: 'amd64', os.version: '10.0', java.version: '1.8.0_211'\nDriver info: org.openqa.selenium.chrome.ChromeDriver\nCommand: [8524be09bbc07c8a520700a7a4b0c4d9, findChildElement {id=94dbf68e-9fd9-4401-90cf-37f1a0b17fd1, using=css selector, value=td:nth-child(3)}]\nCapabilities {acceptInsecureCerts: false, browserName: chrome, browserVersion: 96.0.4664.45, chrome: {chromedriverVersion: 96.0.4664.45 (76e4c1bb2ab46..., userDataDir: C:\\Users\\Some1\\AppData\\Loca...}, goog:chromeOptions: {debuggerAddress: localhost:65122}, javascriptEnabled: true, networkConnectionEnabled: false, pageLoadStrategy: normal, platform: WINDOWS, platformName: WINDOWS, proxy: Proxy(), se:cdp: ws://localhost:65122/devtoo..., se:cdpVersion: 96.0.4664.45, setWindowRect: true, strictFileInteractability: false, timeouts: {implicit: 0, pageLoad: 300000, script: 30000}, unhandledPromptBehavior: dismiss and notify, webauthn:extension:credBlob: true, webauthn:extension:largeBlob: true, webauthn:virtualAuthenticators: true}\nSession ID: 8524be09bbc07c8a520700a7a4b0c4d9\r\n\tat sun.reflect.NativeConstructorAccessorImpl.newInstance0(Native Method)\r\n\tat sun.reflect.NativeConstructorAccessorImpl.newInstance(NativeConstructorAccessorImpl.java:62)\r\n\tat sun.reflect.DelegatingConstructorAccessorImpl.newInstance(DelegatingConstructorAccessorImpl.java:45)\r\n\tat java.lang.reflect.Constructor.newInstance(Constructor.java:423)\r\n\tat org.openqa.selenium.remote.codec.w3c.W3CHttpResponseCodec.createException(W3CHttpResponseCodec.java:200)\r\n\tat org.openqa.selenium.remote.codec.w3c.W3CHttpResponseCodec.decode(W3CHttpResponseCodec.java:133)\r\n\tat org.openqa.selenium.remote.codec.w3c.W3CHttpResponseCodec.decode(W3CHttpResponseCodec.java:53)\r\n\tat org.openqa.selenium.remote.HttpCommandExecutor.execute(HttpCommandExecutor.java:184)\r\n\tat org.openqa.selenium.remote.service.DriverCommandExecutor.invokeExecute(DriverCommandExecutor.java:164)\r\n\tat org.openqa.selenium.remote.service.DriverCommandExecutor.execute(DriverCommandExecutor.java:139)\r\n\tat org.openqa.selenium.remote.RemoteWebDriver.execute(RemoteWebDriver.java:559)\r\n\tat org.openqa.selenium.remote.ElementLocation$ElementFinder$2.findElement(ElementLocation.java:162)\r\n\tat org.openqa.selenium.remote.ElementLocation.findElement(ElementLocation.java:60)\r\n\tat org.openqa.selenium.remote.RemoteWebDriver.findElement(RemoteWebDriver.java:383)\r\n\tat org.openqa.selenium.remote.RemoteWebElement.findElement(RemoteWebElement.java:221)\r\n\tat DataTables.Verifications.verifyAge(Verifications.java:15)\r\n\tat DataTables.Operations.printNameAgeNewYorkersAllPages(Operations.java:92)\r\n\tat DataTables.TableTests.test04_printNamesAgesLiveInNewYorkAllPages(TableTests.java:35)\r\n\tat sun.reflect.NativeMethodAccessorImpl.invoke0(Native Method)\r\n\tat sun.reflect.NativeMethodAccessorImpl.invoke(NativeMethodAccessorImpl.java:62)\r\n\tat sun.reflect.DelegatingMethodAccessorImpl.invoke(DelegatingMethodAccessorImpl.java:43)\r\n\tat java.lang.reflect.Method.invoke(Method.java:498)\r\n\tat org.testng.internal.MethodInvocationHelper.invokeMethod(MethodInvocationHelper.java:133)\r\n\tat org.testng.internal.TestInvoker.invokeMethod(TestInvoker.java:584)\r\n\tat org.testng.internal.TestInvoker.invokeTestMethod(TestInvoker.java:172)\r\n\tat org.testng.internal.MethodRunner.runInSequence(MethodRunner.java:46)\r\n\tat org.testng.internal.TestInvoker$MethodInvocationAgent.invoke(TestInvoker.java:804)\r\n\tat org.testng.internal.TestInvoker.invokeTestMethods(TestInvoker.java:145)\r\n\tat org.testng.internal.TestMethodWorker.invokeTestMethods(TestMethodWorker.java:146)\r\n\tat org.testng.internal.TestMethodWorker.run(TestMethodWorker.java:128)\r\n\tat java.util.ArrayList.forEach(ArrayList.java:1257)\r\n\tat org.testng.TestRunner.privateRun(TestRunner.java:770)\r\n\tat org.testng.TestRunner.run(TestRunner.java:591)\r\n\tat org.testng.SuiteRunner.runTest(SuiteRunner.java:402)\r\n\tat org.testng.SuiteRunner.runSequentially(SuiteRunner.java:396)\r\n\tat org.testng.SuiteRunner.privateRun(SuiteRunner.java:355)\r\n\tat org.testng.SuiteRunner.run(SuiteRunner.java:304)\r\n\tat org.testng.SuiteRunnerWorker.runSuite(SuiteRunnerWorker.java:53)\r\n\tat org.testng.SuiteRunnerWorker.run(SuiteRunnerWorker.java:96)\r\n\tat org.testng.TestNG.runSuitesSequentially(TestNG.java:1180)\r\n\tat org.testng.TestNG.runSuitesLocally(TestNG.java:1102)\r\n\tat org.testng.TestNG.runSuites(TestNG.java:1032)\r\n\tat org.testng.TestNG.run(TestNG.java:1000)\r\n\tat com.intellij.rt.testng.IDEARemoteTestNG.run(IDEARemoteTestNG.java:66)\r\n\tat com.intellij.rt.testng.RemoteTestNGStarter.main(RemoteTestNGStarter.java:109)\r\n"},"stage":"finished","steps":[{"name":"Print out the names and ages of people who live in New York in CURRENT page","status":"passed","stage":"finished","steps":[{"name":"Store current page data in a list, in a global varaible","status":"passed","stage":"finished","steps":[],"attachments":[],"parameters":[],"start":1637701859286,"stop":1637701859286}],"attachments":[],"parameters":[],"start":1637701859286,"stop":1637701859393},{"name":"'Next' button appearance check","status":"passed","stage":"finished","steps":[],"attachments":[],"parameters":[],"start":1637701859396,"stop":1637701859457},{"name":"Print out the names and ages of people who live in New York in CURRENT page","status":"passed","stage":"finished","steps":[{"name":"Store current page data in a list, in a global varaible","status":"passed","stage":"finished","steps":[],"attachments":[],"parameters":[],"start":1637701859457,"stop":1637701859457}],"attachments":[],"parameters":[],"start":1637701859457,"stop":1637701859594},{"name":"'Next' button appearance check","status":"passed","stage":"finished","steps":[],"attachments":[],"parameters":[],"start":1637701859597,"stop":1637701859643},{"name":"Print out the names and ages of people who live in New York in CURRENT page","status":"passed","stage":"finished","steps":[{"name":"Store current page data in a list, in a global varaible","status":"passed","stage":"finished","steps":[],"attachments":[],"parameters":[],"start":1637701859643,"stop":1637701859643}],"attachments":[],"parameters":[],"start":1637701859643,"stop":1637701859897},{"name":"'Next' button appearance check","status":"passed","stage":"finished","steps":[],"attachments":[],"parameters":[],"start":1637701859900,"stop":1637701859943},{"name":"Print out the names and ages of people who live in New York in CURRENT page","status":"passed","stage":"finished","steps":[{"name":"Store current page data in a list, in a global varaible","status":"passed","stage":"finished","steps":[],"attachments":[],"parameters":[],"start":1637701859944,"stop":1637701859944}],"attachments":[],"parameters":[],"start":1637701859943,"stop":1637701860088},{"name":"'Next' button appearance check","status":"passed","stage":"finished","steps":[],"attachments":[],"parameters":[],"start":1637701860092,"stop":1637701860140},{"name":"Print out the names and ages of people who live in New York in CURRENT page","status":"passed","stage":"finished","steps":[{"name":"Store current page data in a list, in a global varaible","status":"passed","stage":"finished","steps":[],"attachments":[],"parameters":[],"start":1637701860140,"stop":1637701860140}],"attachments":[],"parameters":[],"start":1637701860140,"stop":1637701860292},{"name":"'Next' button appearance check","status":"passed","stage":"finished","steps":[],"attachments":[],"parameters":[],"start":1637701860295,"stop":1637701860345},{"name":"Print out the names and ages of people who live in New York in CURRENT page","status":"passed","stage":"finished","steps":[{"name":"Store current page data in a list, in a global varaible","status":"passed","stage":"finished","steps":[],"attachments":[],"parameters":[],"start":1637701860345,"stop":1637701860345}],"attachments":[],"parameters":[],"start":1637701860345,"stop":1637701860473},{"name":"'Next' button appearance check","status":"passed","stage":"finished","steps":[],"attachments":[],"parameters":[],"start":1637701860476,"stop":1637701860483},{"name":"Verify age is above 22 using soft assert.","status":"broken","statusDetails":{"known":false,"muted":false,"flaky":false,"message":"stale element reference: element is not attached to the page document\n  (Session info: chrome=96.0.4664.45)\nFor documentation on this error, please visit: https://selenium.dev/exceptions/#stale_element_reference\nBuild info: version: '4.0.0', revision: '3a21814679'\nSystem info: host: 'DESKTOP-K720T7V', ip: '10.0.0.1', os.name: 'Windows 10', os.arch: 'amd64', os.version: '10.0', java.version: '1.8.0_211'\nDriver info: org.openqa.selenium.chrome.ChromeDriver\nCommand: [8524be09bbc07c8a520700a7a4b0c4d9, findChildElement {id=94dbf68e-9fd9-4401-90cf-37f1a0b17fd1, using=css selector, value=td:nth-child(3)}]\nCapabilities {acceptInsecureCerts: false, browserName: chrome, browserVersion: 96.0.4664.45, chrome: {chromedriverVersion: 96.0.4664.45 (76e4c1bb2ab46..., userDataDir: C:\\Users\\Some1\\AppData\\Loca...}, goog:chromeOptions: {debuggerAddress: localhost:65122}, javascriptEnabled: true, networkConnectionEnabled: false, pageLoadStrategy: normal, platform: WINDOWS, platformName: WINDOWS, proxy: Proxy(), se:cdp: ws://localhost:65122/devtoo..., se:cdpVersion: 96.0.4664.45, setWindowRect: true, strictFileInteractability: false, timeouts: {implicit: 0, pageLoad: 300000, script: 30000}, unhandledPromptBehavior: dismiss and notify, webauthn:extension:credBlob: true, webauthn:extension:largeBlob: true, webauthn:virtualAuthenticators: true}\nSession ID: 8524be09bbc07c8a520700a7a4b0c4d9","trace":"org.openqa.selenium.StaleElementReferenceException: stale element reference: element is not attached to the page document\n  (Session info: chrome=96.0.4664.45)\nFor documentation on this error, please visit: https://selenium.dev/exceptions/#stale_element_reference\nBuild info: version: '4.0.0', revision: '3a21814679'\nSystem info: host: 'DESKTOP-K720T7V', ip: '10.0.0.1', os.name: 'Windows 10', os.arch: 'amd64', os.version: '10.0', java.version: '1.8.0_211'\nDriver info: org.openqa.selenium.chrome.ChromeDriver\nCommand: [8524be09bbc07c8a520700a7a4b0c4d9, findChildElement {id=94dbf68e-9fd9-4401-90cf-37f1a0b17fd1, using=css selector, value=td:nth-child(3)}]\nCapabilities {acceptInsecureCerts: false, browserName: chrome, browserVersion: 96.0.4664.45, chrome: {chromedriverVersion: 96.0.4664.45 (76e4c1bb2ab46..., userDataDir: C:\\Users\\Some1\\AppData\\Loca...}, goog:chromeOptions: {debuggerAddress: localhost:65122}, javascriptEnabled: true, networkConnectionEnabled: false, pageLoadStrategy: normal, platform: WINDOWS, platformName: WINDOWS, proxy: Proxy(), se:cdp: ws://localhost:65122/devtoo..., se:cdpVersion: 96.0.4664.45, setWindowRect: true, strictFileInteractability: false, timeouts: {implicit: 0, pageLoad: 300000, script: 30000}, unhandledPromptBehavior: dismiss and notify, webauthn:extension:credBlob: true, webauthn:extension:largeBlob: true, webauthn:virtualAuthenticators: true}\nSession ID: 8524be09bbc07c8a520700a7a4b0c4d9\r\n\tat sun.reflect.NativeConstructorAccessorImpl.newInstance0(Native Method)\r\n\tat sun.reflect.NativeConstructorAccessorImpl.newInstance(NativeConstructorAccessorImpl.java:62)\r\n\tat sun.reflect.DelegatingConstructorAccessorImpl.newInstance(DelegatingConstructorAccessorImpl.java:45)\r\n\tat java.lang.reflect.Constructor.newInstance(Constructor.java:423)\r\n\tat org.openqa.selenium.remote.codec.w3c.W3CHttpResponseCodec.createException(W3CHttpResponseCodec.java:200)\r\n\tat org.openqa.selenium.remote.codec.w3c.W3CHttpResponseCodec.decode(W3CHttpResponseCodec.java:133)\r\n\tat org.openqa.selenium.remote.codec.w3c.W3CHttpResponseCodec.decode(W3CHttpResponseCodec.java:53)\r\n\tat org.openqa.selenium.remote.HttpCommandExecutor.execute(HttpCommandExecutor.java:184)\r\n\tat org.openqa.selenium.remote.service.DriverCommandExecutor.invokeExecute(DriverCommandExecutor.java:164)\r\n\tat org.openqa.selenium.remote.service.DriverCommandExecutor.execute(DriverCommandExecutor.java:139)\r\n\tat org.openqa.selenium.remote.RemoteWebDriver.execute(RemoteWebDriver.java:559)\r\n\tat org.openqa.selenium.remote.ElementLocation$ElementFinder$2.findElement(ElementLocation.java:162)\r\n\tat org.openqa.selenium.remote.ElementLocation.findElement(ElementLocation.java:60)\r\n\tat org.openqa.selenium.remote.RemoteWebDriver.findElement(RemoteWebDriver.java:383)\r\n\tat org.openqa.selenium.remote.RemoteWebElement.findElement(RemoteWebElement.java:221)\r\n\tat DataTables.Verifications.verifyAge(Verifications.java:15)\r\n\tat DataTables.Operations.printNameAgeNewYorkersAllPages(Operations.java:92)\r\n\tat DataTables.TableTests.test04_printNamesAgesLiveInNewYorkAllPages(TableTests.java:35)\r\n\tat sun.reflect.NativeMethodAccessorImpl.invoke0(Native Method)\r\n\tat sun.reflect.NativeMethodAccessorImpl.invoke(NativeMethodAccessorImpl.java:62)\r\n\tat sun.reflect.DelegatingMethodAccessorImpl.invoke(DelegatingMethodAccessorImpl.java:43)\r\n\tat java.lang.reflect.Method.invoke(Method.java:498)\r\n\tat org.testng.internal.MethodInvocationHelper.invokeMethod(MethodInvocationHelper.java:133)\r\n\tat org.testng.internal.TestInvoker.invokeMethod(TestInvoker.java:584)\r\n\tat org.testng.internal.TestInvoker.invokeTestMethod(TestInvoker.java:172)\r\n\tat org.testng.internal.MethodRunner.runInSequence(MethodRunner.java:46)\r\n\tat org.testng.internal.TestInvoker$MethodInvocationAgent.invoke(TestInvoker.java:804)\r\n\tat org.testng.internal.TestInvoker.invokeTestMethods(TestInvoker.java:145)\r\n\tat org.testng.internal.TestMethodWorker.invokeTestMethods(TestMethodWorker.java:146)\r\n\tat org.testng.internal.TestMethodWorker.run(TestMethodWorker.java:128)\r\n\tat java.util.ArrayList.forEach(ArrayList.java:1257)\r\n\tat org.testng.TestRunner.privateRun(TestRunner.java:770)\r\n\tat org.testng.TestRunner.run(TestRunner.java:591)\r\n\tat org.testng.SuiteRunner.runTest(SuiteRunner.java:402)\r\n\tat org.testng.SuiteRunner.runSequentially(SuiteRunner.java:396)\r\n\tat org.testng.SuiteRunner.privateRun(SuiteRunner.java:355)\r\n\tat org.testng.SuiteRunner.run(SuiteRunner.java:304)\r\n\tat org.testng.SuiteRunnerWorker.runSuite(SuiteRunnerWorker.java:53)\r\n\tat org.testng.SuiteRunnerWorker.run(SuiteRunnerWorker.java:96)\r\n\tat org.testng.TestNG.runSuitesSequentially(TestNG.java:1180)\r\n\tat org.testng.TestNG.runSuitesLocally(TestNG.java:1102)\r\n\tat org.testng.TestNG.runSuites(TestNG.java:1032)\r\n\tat org.testng.TestNG.run(TestNG.java:1000)\r\n\tat com.intellij.rt.testng.IDEARemoteTestNG.run(IDEARemoteTestNG.java:66)\r\n\tat com.intellij.rt.testng.RemoteTestNGStarter.main(RemoteTestNGStarter.java:109)\r\n"},"stage":"finished","steps":[],"attachments":[],"parameters":[{"name":"list","value":"[[[ChromeDriver: chrome on WINDOWS (8524be09bbc07c8a520700a7a4b0c4d9)] -> css selector: #example tbody tr], [[ChromeDriver: chrome on WINDOWS (8524be09bbc07c8a520700a7a4b0c4d9)] -> css selector: #example tbody tr], [[ChromeDriver: chrome on WINDOWS (8524be09bbc07c8a520700a7a4b0c4d9)] -> css selector: #example tbody tr], [[ChromeDriver: chrome on WINDOWS (8524be09bbc07c8a520700a7a4b0c4d9)] -> css selector: #example tbody tr], [[ChromeDriver: chrome on WINDOWS (8524be09bbc07c8a520700a7a4b0c4d9)] -> css selector: #example tbody tr], [[ChromeDriver: chrome on WINDOWS (8524be09bbc07c8a520700a7a4b0c4d9)] -> css selector: #example tbody tr], [[ChromeDriver: chrome on WINDOWS (8524be09bbc07c8a520700a7a4b0c4d9)] -> css selector: #example tbody tr], [[ChromeDriver: chrome on WINDOWS (8524be09bbc07c8a520700a7a4b0c4d9)] -> css selector: #example tbody tr], [[ChromeDriver: chrome on WINDOWS (8524be09bbc07c8a520700a7a4b0c4d9)] -> css selector: #example tbody tr], [[ChromeDriver: chrome on WINDOWS (8524be09bbc07c8a520700a7a4b0c4d9)] -> css selector: #example tbody tr], [[ChromeDriver: chrome on WINDOWS (8524be09bbc07c8a520700a7a4b0c4d9)] -> css selector: #example tbody tr], [[ChromeDriver: chrome on WINDOWS (8524be09bbc07c8a520700a7a4b0c4d9)] -> css selector: #example tbody tr], [[ChromeDriver: chrome on WINDOWS (8524be09bbc07c8a520700a7a4b0c4d9)] -> css selector: #example tbody tr], [[ChromeDriver: chrome on WINDOWS (8524be09bbc07c8a520700a7a4b0c4d9)] -> css selector: #example tbody tr], [[ChromeDriver: chrome on WINDOWS (8524be09bbc07c8a520700a7a4b0c4d9)] -> css selector: #example tbody tr], [[ChromeDriver: chrome on WINDOWS (8524be09bbc07c8a520700a7a4b0c4d9)] -> css selector: #example tbody tr], [[ChromeDriver: chrome on WINDOWS (8524be09bbc07c8a520700a7a4b0c4d9)] -> css selector: #example tbody tr], [[ChromeDriver: chrome on WINDOWS (8524be09bbc07c8a520700a7a4b0c4d9)] -> css selector: #example tbody tr], [[ChromeDriver: chrome on WINDOWS (8524be09bbc07c8a520700a7a4b0c4d9)] -> css selector: #example tbody tr], [[ChromeDriver: chrome on WINDOWS (8524be09bbc07c8a520700a7a4b0c4d9)] -> css selector: #example tbody tr], [[ChromeDriver: chrome on WINDOWS (8524be09bbc07c8a520700a7a4b0c4d9)] -> css selector: #example tbody tr], [[ChromeDriver: chrome on WINDOWS (8524be09bbc07c8a520700a7a4b0c4d9)] -> css selector: #example tbody tr], [[ChromeDriver: chrome on WINDOWS (8524be09bbc07c8a520700a7a4b0c4d9)] -> css selector: #example tbody tr], [[ChromeDriver: chrome on WINDOWS (8524be09bbc07c8a520700a7a4b0c4d9)] -> css selector: #example tbody tr], [[ChromeDriver: chrome on WINDOWS (8524be09bbc07c8a520700a7a4b0c4d9)] -> css selector: #example tbody tr], [[ChromeDriver: chrome on WINDOWS (8524be09bbc07c8a520700a7a4b0c4d9)] -> css selector: #example tbody tr], [[ChromeDriver: chrome on WINDOWS (8524be09bbc07c8a520700a7a4b0c4d9)] -> css selector: #example tbody tr], [[ChromeDriver: chrome on WINDOWS (8524be09bbc07c8a520700a7a4b0c4d9)] -> css selector: #example tbody tr], [[ChromeDriver: chrome on WINDOWS (8524be09bbc07c8a520700a7a4b0c4d9)] -> css selector: #example tbody tr], [[ChromeDriver: chrome on WINDOWS (8524be09bbc07c8a520700a7a4b0c4d9)] -> css selector: #example tbody tr], [[ChromeDriver: chrome on WINDOWS (8524be09bbc07c8a520700a7a4b0c4d9)] -> css selector: #example tbody tr], [[ChromeDriver: chrome on WINDOWS (8524be09bbc07c8a520700a7a4b0c4d9)] -> css selector: #example tbody tr], [[ChromeDriver: chrome on WINDOWS (8524be09bbc07c8a520700a7a4b0c4d9)] -> css selector: #example tbody tr], [[ChromeDriver: chrome on WINDOWS (8524be09bbc07c8a520700a7a4b0c4d9)] -> css selector: #example tbody tr], [[ChromeDriver: chrome on WINDOWS (8524be09bbc07c8a520700a7a4b0c4d9)] -> css selector: #example tbody tr], [[ChromeDriver: chrome on WINDOWS (8524be09bbc07c8a520700a7a4b0c4d9)] -> css selector: #example tbody tr], [[ChromeDriver: chrome on WINDOWS (8524be09bbc07c8a520700a7a4b0c4d9)] -> css selector: #example tbody tr], [[ChromeDriver: chrome on WINDOWS (8524be09bbc07c8a520700a7a4b0c4d9)] -> css selector: #example tbody tr], [[ChromeDriver: chrome on WINDOWS (8524be09bbc07c8a520700a7a4b0c4d9)] -> css selector: #example tbody tr], [[ChromeDriver: chrome on WINDOWS (8524be09bbc07c8a520700a7a4b0c4d9)] -> css selector: #example tbody tr], [[ChromeDriver: chrome on WINDOWS (8524be09bbc07c8a520700a7a4b0c4d9)] -> css selector: #example tbody tr], [[ChromeDriver: chrome on WINDOWS (8524be09bbc07c8a520700a7a4b0c4d9)] -> css selector: #example tbody tr], [[ChromeDriver: chrome on WINDOWS (8524be09bbc07c8a520700a7a4b0c4d9)] -> css selector: #example tbody tr], [[ChromeDriver: chrome on WINDOWS (8524be09bbc07c8a520700a7a4b0c4d9)] -> css selector: #example tbody tr], [[ChromeDriver: chrome on WINDOWS (8524be09bbc07c8a520700a7a4b0c4d9)] -> css selector: #example tbody tr], [[ChromeDriver: chrome on WINDOWS (8524be09bbc07c8a520700a7a4b0c4d9)] -> css selector: #example tbody tr], [[ChromeDriver: chrome on WINDOWS (8524be09bbc07c8a520700a7a4b0c4d9)] -> css selector: #example tbody tr], [[ChromeDriver: chrome on WINDOWS (8524be09bbc07c8a520700a7a4b0c4d9)] -> css selector: #example tbody tr], [[ChromeDriver: chrome on WINDOWS (8524be09bbc07c8a520700a7a4b0c4d9)] -> css selector: #example tbody tr], [[ChromeDriver: chrome on WINDOWS (8524be09bbc07c8a520700a7a4b0c4d9)] -> css selector: #example tbody tr], [[ChromeDriver: chrome on WINDOWS (8524be09bbc07c8a520700a7a4b0c4d9)] -> css selector: #example tbody tr], [[ChromeDriver: chrome on WINDOWS (8524be09bbc07c8a520700a7a4b0c4d9)] -> css selector: #example tbody tr], [[ChromeDriver: chrome on WINDOWS (8524be09bbc07c8a520700a7a4b0c4d9)] -> css selector: #example tbody tr], [[ChromeDriver: chrome on WINDOWS (8524be09bbc07c8a520700a7a4b0c4d9)] -> css selector: #example tbody tr], [[ChromeDriver: chrome on WINDOWS (8524be09bbc07c8a520700a7a4b0c4d9)] -> css selector: #example tbody tr], [[ChromeDriver: chrome on WINDOWS (8524be09bbc07c8a520700a7a4b0c4d9)] -> css selector: #example tbody tr], [[ChromeDriver: chrome on WINDOWS (8524be09bbc07c8a520700a7a4b0c4d9)] -> css selector: #example tbody tr]]"}],"start":1637701860485,"stop":1637701860490}],"attachments":[],"parameters":[],"start":1637701859284,"stop":1637701860490}],"attachments":[],"parameters":[],"start":1637701859284,"stop":1637701860494,"uuid":"84048ad5-f2f7-47eb-b73b-63d0681e5e6e","historyId":"b6e62ad2f5c88be312b8883b54c8f108","fullName":"DataTables.TableTests.test04_printNamesAgesLiveInNewYorkAllPages","labels":[{"name":"package","value":"DataTables.TableTests"},{"name":"testClass","value":"DataTables.TableTests"},{"name":"testMethod","value":"test04_printNamesAgesLiveInNewYorkAllPages"},{"name":"parentSuite","value":"Default Suite"},{"name":"suite","value":"TestAutomationBootCamp"},{"name":"subSuite","value":"DataTables.TableTests"},{"name":"host","value":"DESKTOP-K720T7V"},{"name":"thread","value":"13512@DESKTOP-K720T7V.main(1)"},{"name":"framework","value":"testng"},{"name":"language","value":"java"}],"links":[]}