{"name":"test04_printNamesAgesLiveInNewYorkAllPages","status":"broken","statusDetails":{"known":false,"muted":false,"flaky":false,"message":"no such element: Unable to locate element: {\"method\":\"css selector\",\"selector\":\"a.next[tabindex='0']\"}\n  (Session info: chrome=96.0.4664.45)\nFor documentation on this error, please visit: https://selenium.dev/exceptions/#no_such_element\nBuild info: version: '4.0.0', revision: '3a21814679'\nSystem info: host: 'DESKTOP-K720T7V', ip: '10.0.0.1', os.name: 'Windows 10', os.arch: 'amd64', os.version: '10.0', java.version: '1.8.0_211'\nDriver info: org.openqa.selenium.chrome.ChromeDriver\nCommand: [9d6f192ae852c48653b4b578cc8b8fb2, findElement {using=css selector, value=a.next[tabindex='0']}]\nCapabilities {acceptInsecureCerts: false, browserName: chrome, browserVersion: 96.0.4664.45, chrome: {chromedriverVersion: 96.0.4664.45 (76e4c1bb2ab46..., userDataDir: C:\\Users\\Some1\\AppData\\Loca...}, goog:chromeOptions: {debuggerAddress: localhost:52206}, javascriptEnabled: true, networkConnectionEnabled: false, pageLoadStrategy: normal, platform: WINDOWS, platformName: WINDOWS, proxy: Proxy(), se:cdp: ws://localhost:52206/devtoo..., se:cdpVersion: 96.0.4664.45, setWindowRect: true, strictFileInteractability: false, timeouts: {implicit: 0, pageLoad: 300000, script: 30000}, unhandledPromptBehavior: dismiss and notify, webauthn:extension:credBlob: true, webauthn:extension:largeBlob: true, webauthn:virtualAuthenticators: true}\nSession ID: 9d6f192ae852c48653b4b578cc8b8fb2","trace":"org.openqa.selenium.NoSuchElementException: no such element: Unable to locate element: {\"method\":\"css selector\",\"selector\":\"a.next[tabindex='0']\"}\n  (Session info: chrome=96.0.4664.45)\nFor documentation on this error, please visit: https://selenium.dev/exceptions/#no_such_element\nBuild info: version: '4.0.0', revision: '3a21814679'\nSystem info: host: 'DESKTOP-K720T7V', ip: '10.0.0.1', os.name: 'Windows 10', os.arch: 'amd64', os.version: '10.0', java.version: '1.8.0_211'\nDriver info: org.openqa.selenium.chrome.ChromeDriver\nCommand: [9d6f192ae852c48653b4b578cc8b8fb2, findElement {using=css selector, value=a.next[tabindex='0']}]\nCapabilities {acceptInsecureCerts: false, browserName: chrome, browserVersion: 96.0.4664.45, chrome: {chromedriverVersion: 96.0.4664.45 (76e4c1bb2ab46..., userDataDir: C:\\Users\\Some1\\AppData\\Loca...}, goog:chromeOptions: {debuggerAddress: localhost:52206}, javascriptEnabled: true, networkConnectionEnabled: false, pageLoadStrategy: normal, platform: WINDOWS, platformName: WINDOWS, proxy: Proxy(), se:cdp: ws://localhost:52206/devtoo..., se:cdpVersion: 96.0.4664.45, setWindowRect: true, strictFileInteractability: false, timeouts: {implicit: 0, pageLoad: 300000, script: 30000}, unhandledPromptBehavior: dismiss and notify, webauthn:extension:credBlob: true, webauthn:extension:largeBlob: true, webauthn:virtualAuthenticators: true}\nSession ID: 9d6f192ae852c48653b4b578cc8b8fb2\r\n\tat sun.reflect.NativeConstructorAccessorImpl.newInstance0(Native Method)\r\n\tat sun.reflect.NativeConstructorAccessorImpl.newInstance(NativeConstructorAccessorImpl.java:62)\r\n\tat sun.reflect.DelegatingConstructorAccessorImpl.newInstance(DelegatingConstructorAccessorImpl.java:45)\r\n\tat java.lang.reflect.Constructor.newInstance(Constructor.java:423)\r\n\tat org.openqa.selenium.remote.codec.w3c.W3CHttpResponseCodec.createException(W3CHttpResponseCodec.java:200)\r\n\tat org.openqa.selenium.remote.codec.w3c.W3CHttpResponseCodec.decode(W3CHttpResponseCodec.java:133)\r\n\tat org.openqa.selenium.remote.codec.w3c.W3CHttpResponseCodec.decode(W3CHttpResponseCodec.java:53)\r\n\tat org.openqa.selenium.remote.HttpCommandExecutor.execute(HttpCommandExecutor.java:184)\r\n\tat org.openqa.selenium.remote.service.DriverCommandExecutor.invokeExecute(DriverCommandExecutor.java:164)\r\n\tat org.openqa.selenium.remote.service.DriverCommandExecutor.execute(DriverCommandExecutor.java:139)\r\n\tat org.openqa.selenium.remote.RemoteWebDriver.execute(RemoteWebDriver.java:559)\r\n\tat org.openqa.selenium.remote.ElementLocation$ElementFinder$2.findElement(ElementLocation.java:162)\r\n\tat org.openqa.selenium.remote.ElementLocation.findElement(ElementLocation.java:60)\r\n\tat org.openqa.selenium.remote.RemoteWebDriver.findElement(RemoteWebDriver.java:383)\r\n\tat org.openqa.selenium.remote.RemoteWebDriver.findElement(RemoteWebDriver.java:375)\r\n\tat org.openqa.selenium.support.pagefactory.DefaultElementLocator.findElement(DefaultElementLocator.java:70)\r\n\tat org.openqa.selenium.support.pagefactory.internal.LocatingElementHandler.invoke(LocatingElementHandler.java:39)\r\n\tat com.sun.proxy.$Proxy16.isDisplayed(Unknown Source)\r\n\tat DataTables.DataTablesPage.getNextBtn(DataTablesPage.java:21)\r\n\tat DataTables.Operations.clickNextBtn(Operations.java:38)\r\n\tat DataTables.Operations.printNameAgeNewYorkersAllPages(Operations.java:72)\r\n\tat DataTables.TableTests.test04_printNamesAgesLiveInNewYorkAllPages(TableTests.java:37)\r\n\tat sun.reflect.NativeMethodAccessorImpl.invoke0(Native Method)\r\n\tat sun.reflect.NativeMethodAccessorImpl.invoke(NativeMethodAccessorImpl.java:62)\r\n\tat sun.reflect.DelegatingMethodAccessorImpl.invoke(DelegatingMethodAccessorImpl.java:43)\r\n\tat java.lang.reflect.Method.invoke(Method.java:498)\r\n\tat org.testng.internal.MethodInvocationHelper.invokeMethod(MethodInvocationHelper.java:133)\r\n\tat org.testng.internal.TestInvoker.invokeMethod(TestInvoker.java:584)\r\n\tat org.testng.internal.TestInvoker.invokeTestMethod(TestInvoker.java:172)\r\n\tat org.testng.internal.MethodRunner.runInSequence(MethodRunner.java:46)\r\n\tat org.testng.internal.TestInvoker$MethodInvocationAgent.invoke(TestInvoker.java:804)\r\n\tat org.testng.internal.TestInvoker.invokeTestMethods(TestInvoker.java:145)\r\n\tat org.testng.internal.TestMethodWorker.invokeTestMethods(TestMethodWorker.java:146)\r\n\tat org.testng.internal.TestMethodWorker.run(TestMethodWorker.java:128)\r\n\tat java.util.ArrayList.forEach(ArrayList.java:1257)\r\n\tat org.testng.TestRunner.privateRun(TestRunner.java:770)\r\n\tat org.testng.TestRunner.run(TestRunner.java:591)\r\n\tat org.testng.SuiteRunner.runTest(SuiteRunner.java:402)\r\n\tat org.testng.SuiteRunner.runSequentially(SuiteRunner.java:396)\r\n\tat org.testng.SuiteRunner.privateRun(SuiteRunner.java:355)\r\n\tat org.testng.SuiteRunner.run(SuiteRunner.java:304)\r\n\tat org.testng.SuiteRunnerWorker.runSuite(SuiteRunnerWorker.java:53)\r\n\tat org.testng.SuiteRunnerWorker.run(SuiteRunnerWorker.java:96)\r\n\tat org.testng.TestNG.runSuitesSequentially(TestNG.java:1180)\r\n\tat org.testng.TestNG.runSuitesLocally(TestNG.java:1102)\r\n\tat org.testng.TestNG.runSuites(TestNG.java:1032)\r\n\tat org.testng.TestNG.run(TestNG.java:1000)\r\n\tat com.intellij.rt.testng.IDEARemoteTestNG.run(IDEARemoteTestNG.java:66)\r\n\tat com.intellij.rt.testng.RemoteTestNGStarter.main(RemoteTestNGStarter.java:109)\r\n"},"stage":"finished","steps":[{"name":"printNameAgeNewYorkersAllPages","status":"broken","statusDetails":{"known":false,"muted":false,"flaky":false,"message":"no such element: Unable to locate element: {\"method\":\"css selector\",\"selector\":\"a.next[tabindex='0']\"}\n  (Session info: chrome=96.0.4664.45)\nFor documentation on this error, please visit: https://selenium.dev/exceptions/#no_such_element\nBuild info: version: '4.0.0', revision: '3a21814679'\nSystem info: host: 'DESKTOP-K720T7V', ip: '10.0.0.1', os.name: 'Windows 10', os.arch: 'amd64', os.version: '10.0', java.version: '1.8.0_211'\nDriver info: org.openqa.selenium.chrome.ChromeDriver\nCommand: [9d6f192ae852c48653b4b578cc8b8fb2, findElement {using=css selector, value=a.next[tabindex='0']}]\nCapabilities {acceptInsecureCerts: false, browserName: chrome, browserVersion: 96.0.4664.45, chrome: {chromedriverVersion: 96.0.4664.45 (76e4c1bb2ab46..., userDataDir: C:\\Users\\Some1\\AppData\\Loca...}, goog:chromeOptions: {debuggerAddress: localhost:52206}, javascriptEnabled: true, networkConnectionEnabled: false, pageLoadStrategy: normal, platform: WINDOWS, platformName: WINDOWS, proxy: Proxy(), se:cdp: ws://localhost:52206/devtoo..., se:cdpVersion: 96.0.4664.45, setWindowRect: true, strictFileInteractability: false, timeouts: {implicit: 0, pageLoad: 300000, script: 30000}, unhandledPromptBehavior: dismiss and notify, webauthn:extension:credBlob: true, webauthn:extension:largeBlob: true, webauthn:virtualAuthenticators: true}\nSession ID: 9d6f192ae852c48653b4b578cc8b8fb2","trace":"org.openqa.selenium.NoSuchElementException: no such element: Unable to locate element: {\"method\":\"css selector\",\"selector\":\"a.next[tabindex='0']\"}\n  (Session info: chrome=96.0.4664.45)\nFor documentation on this error, please visit: https://selenium.dev/exceptions/#no_such_element\nBuild info: version: '4.0.0', revision: '3a21814679'\nSystem info: host: 'DESKTOP-K720T7V', ip: '10.0.0.1', os.name: 'Windows 10', os.arch: 'amd64', os.version: '10.0', java.version: '1.8.0_211'\nDriver info: org.openqa.selenium.chrome.ChromeDriver\nCommand: [9d6f192ae852c48653b4b578cc8b8fb2, findElement {using=css selector, value=a.next[tabindex='0']}]\nCapabilities {acceptInsecureCerts: false, browserName: chrome, browserVersion: 96.0.4664.45, chrome: {chromedriverVersion: 96.0.4664.45 (76e4c1bb2ab46..., userDataDir: C:\\Users\\Some1\\AppData\\Loca...}, goog:chromeOptions: {debuggerAddress: localhost:52206}, javascriptEnabled: true, networkConnectionEnabled: false, pageLoadStrategy: normal, platform: WINDOWS, platformName: WINDOWS, proxy: Proxy(), se:cdp: ws://localhost:52206/devtoo..., se:cdpVersion: 96.0.4664.45, setWindowRect: true, strictFileInteractability: false, timeouts: {implicit: 0, pageLoad: 300000, script: 30000}, unhandledPromptBehavior: dismiss and notify, webauthn:extension:credBlob: true, webauthn:extension:largeBlob: true, webauthn:virtualAuthenticators: true}\nSession ID: 9d6f192ae852c48653b4b578cc8b8fb2\r\n\tat sun.reflect.NativeConstructorAccessorImpl.newInstance0(Native Method)\r\n\tat sun.reflect.NativeConstructorAccessorImpl.newInstance(NativeConstructorAccessorImpl.java:62)\r\n\tat sun.reflect.DelegatingConstructorAccessorImpl.newInstance(DelegatingConstructorAccessorImpl.java:45)\r\n\tat java.lang.reflect.Constructor.newInstance(Constructor.java:423)\r\n\tat org.openqa.selenium.remote.codec.w3c.W3CHttpResponseCodec.createException(W3CHttpResponseCodec.java:200)\r\n\tat org.openqa.selenium.remote.codec.w3c.W3CHttpResponseCodec.decode(W3CHttpResponseCodec.java:133)\r\n\tat org.openqa.selenium.remote.codec.w3c.W3CHttpResponseCodec.decode(W3CHttpResponseCodec.java:53)\r\n\tat org.openqa.selenium.remote.HttpCommandExecutor.execute(HttpCommandExecutor.java:184)\r\n\tat org.openqa.selenium.remote.service.DriverCommandExecutor.invokeExecute(DriverCommandExecutor.java:164)\r\n\tat org.openqa.selenium.remote.service.DriverCommandExecutor.execute(DriverCommandExecutor.java:139)\r\n\tat org.openqa.selenium.remote.RemoteWebDriver.execute(RemoteWebDriver.java:559)\r\n\tat org.openqa.selenium.remote.ElementLocation$ElementFinder$2.findElement(ElementLocation.java:162)\r\n\tat org.openqa.selenium.remote.ElementLocation.findElement(ElementLocation.java:60)\r\n\tat org.openqa.selenium.remote.RemoteWebDriver.findElement(RemoteWebDriver.java:383)\r\n\tat org.openqa.selenium.remote.RemoteWebDriver.findElement(RemoteWebDriver.java:375)\r\n\tat org.openqa.selenium.support.pagefactory.DefaultElementLocator.findElement(DefaultElementLocator.java:70)\r\n\tat org.openqa.selenium.support.pagefactory.internal.LocatingElementHandler.invoke(LocatingElementHandler.java:39)\r\n\tat com.sun.proxy.$Proxy16.isDisplayed(Unknown Source)\r\n\tat DataTables.DataTablesPage.getNextBtn(DataTablesPage.java:21)\r\n\tat DataTables.Operations.clickNextBtn(Operations.java:38)\r\n\tat DataTables.Operations.printNameAgeNewYorkersAllPages(Operations.java:72)\r\n\tat DataTables.TableTests.test04_printNamesAgesLiveInNewYorkAllPages(TableTests.java:37)\r\n\tat sun.reflect.NativeMethodAccessorImpl.invoke0(Native Method)\r\n\tat sun.reflect.NativeMethodAccessorImpl.invoke(NativeMethodAccessorImpl.java:62)\r\n\tat sun.reflect.DelegatingMethodAccessorImpl.invoke(DelegatingMethodAccessorImpl.java:43)\r\n\tat java.lang.reflect.Method.invoke(Method.java:498)\r\n\tat org.testng.internal.MethodInvocationHelper.invokeMethod(MethodInvocationHelper.java:133)\r\n\tat org.testng.internal.TestInvoker.invokeMethod(TestInvoker.java:584)\r\n\tat org.testng.internal.TestInvoker.invokeTestMethod(TestInvoker.java:172)\r\n\tat org.testng.internal.MethodRunner.runInSequence(MethodRunner.java:46)\r\n\tat org.testng.internal.TestInvoker$MethodInvocationAgent.invoke(TestInvoker.java:804)\r\n\tat org.testng.internal.TestInvoker.invokeTestMethods(TestInvoker.java:145)\r\n\tat org.testng.internal.TestMethodWorker.invokeTestMethods(TestMethodWorker.java:146)\r\n\tat org.testng.internal.TestMethodWorker.run(TestMethodWorker.java:128)\r\n\tat java.util.ArrayList.forEach(ArrayList.java:1257)\r\n\tat org.testng.TestRunner.privateRun(TestRunner.java:770)\r\n\tat org.testng.TestRunner.run(TestRunner.java:591)\r\n\tat org.testng.SuiteRunner.runTest(SuiteRunner.java:402)\r\n\tat org.testng.SuiteRunner.runSequentially(SuiteRunner.java:396)\r\n\tat org.testng.SuiteRunner.privateRun(SuiteRunner.java:355)\r\n\tat org.testng.SuiteRunner.run(SuiteRunner.java:304)\r\n\tat org.testng.SuiteRunnerWorker.runSuite(SuiteRunnerWorker.java:53)\r\n\tat org.testng.SuiteRunnerWorker.run(SuiteRunnerWorker.java:96)\r\n\tat org.testng.TestNG.runSuitesSequentially(TestNG.java:1180)\r\n\tat org.testng.TestNG.runSuitesLocally(TestNG.java:1102)\r\n\tat org.testng.TestNG.runSuites(TestNG.java:1032)\r\n\tat org.testng.TestNG.run(TestNG.java:1000)\r\n\tat com.intellij.rt.testng.IDEARemoteTestNG.run(IDEARemoteTestNG.java:66)\r\n\tat com.intellij.rt.testng.RemoteTestNGStarter.main(RemoteTestNGStarter.java:109)\r\n"},"stage":"finished","steps":[{"name":"printNameAgeNewYorkersCurrentPage","status":"passed","stage":"finished","steps":[],"attachments":[],"parameters":[],"start":1637671851956,"stop":1637671852077},{"name":"clickNextBtn","status":"passed","stage":"finished","steps":[],"attachments":[],"parameters":[],"start":1637671852077,"stop":1637671852147},{"name":"printNameAgeNewYorkersCurrentPage","status":"passed","stage":"finished","steps":[],"attachments":[],"parameters":[],"start":1637671852148,"stop":1637671852366},{"name":"clickNextBtn","status":"passed","stage":"finished","steps":[],"attachments":[],"parameters":[],"start":1637671852366,"stop":1637671852439},{"name":"printNameAgeNewYorkersCurrentPage","status":"passed","stage":"finished","steps":[],"attachments":[],"parameters":[],"start":1637671852439,"stop":1637671852662},{"name":"clickNextBtn","status":"passed","stage":"finished","steps":[],"attachments":[],"parameters":[],"start":1637671852662,"stop":1637671852720},{"name":"printNameAgeNewYorkersCurrentPage","status":"passed","stage":"finished","steps":[],"attachments":[],"parameters":[],"start":1637671852720,"stop":1637671852877},{"name":"clickNextBtn","status":"passed","stage":"finished","steps":[],"attachments":[],"parameters":[],"start":1637671852877,"stop":1637671852929},{"name":"printNameAgeNewYorkersCurrentPage","status":"passed","stage":"finished","steps":[],"attachments":[],"parameters":[],"start":1637671852929,"stop":1637671853086},{"name":"clickNextBtn","status":"passed","stage":"finished","steps":[],"attachments":[],"parameters":[],"start":1637671853086,"stop":1637671853142},{"name":"printNameAgeNewYorkersCurrentPage","status":"passed","stage":"finished","steps":[],"attachments":[],"parameters":[],"start":1637671853142,"stop":1637671853298},{"name":"clickNextBtn","status":"broken","statusDetails":{"known":false,"muted":false,"flaky":false,"message":"no such element: Unable to locate element: {\"method\":\"css selector\",\"selector\":\"a.next[tabindex='0']\"}\n  (Session info: chrome=96.0.4664.45)\nFor documentation on this error, please visit: https://selenium.dev/exceptions/#no_such_element\nBuild info: version: '4.0.0', revision: '3a21814679'\nSystem info: host: 'DESKTOP-K720T7V', ip: '10.0.0.1', os.name: 'Windows 10', os.arch: 'amd64', os.version: '10.0', java.version: '1.8.0_211'\nDriver info: org.openqa.selenium.chrome.ChromeDriver\nCommand: [9d6f192ae852c48653b4b578cc8b8fb2, findElement {using=css selector, value=a.next[tabindex='0']}]\nCapabilities {acceptInsecureCerts: false, browserName: chrome, browserVersion: 96.0.4664.45, chrome: {chromedriverVersion: 96.0.4664.45 (76e4c1bb2ab46..., userDataDir: C:\\Users\\Some1\\AppData\\Loca...}, goog:chromeOptions: {debuggerAddress: localhost:52206}, javascriptEnabled: true, networkConnectionEnabled: false, pageLoadStrategy: normal, platform: WINDOWS, platformName: WINDOWS, proxy: Proxy(), se:cdp: ws://localhost:52206/devtoo..., se:cdpVersion: 96.0.4664.45, setWindowRect: true, strictFileInteractability: false, timeouts: {implicit: 0, pageLoad: 300000, script: 30000}, unhandledPromptBehavior: dismiss and notify, webauthn:extension:credBlob: true, webauthn:extension:largeBlob: true, webauthn:virtualAuthenticators: true}\nSession ID: 9d6f192ae852c48653b4b578cc8b8fb2","trace":"org.openqa.selenium.NoSuchElementException: no such element: Unable to locate element: {\"method\":\"css selector\",\"selector\":\"a.next[tabindex='0']\"}\n  (Session info: chrome=96.0.4664.45)\nFor documentation on this error, please visit: https://selenium.dev/exceptions/#no_such_element\nBuild info: version: '4.0.0', revision: '3a21814679'\nSystem info: host: 'DESKTOP-K720T7V', ip: '10.0.0.1', os.name: 'Windows 10', os.arch: 'amd64', os.version: '10.0', java.version: '1.8.0_211'\nDriver info: org.openqa.selenium.chrome.ChromeDriver\nCommand: [9d6f192ae852c48653b4b578cc8b8fb2, findElement {using=css selector, value=a.next[tabindex='0']}]\nCapabilities {acceptInsecureCerts: false, browserName: chrome, browserVersion: 96.0.4664.45, chrome: {chromedriverVersion: 96.0.4664.45 (76e4c1bb2ab46..., userDataDir: C:\\Users\\Some1\\AppData\\Loca...}, goog:chromeOptions: {debuggerAddress: localhost:52206}, javascriptEnabled: true, networkConnectionEnabled: false, pageLoadStrategy: normal, platform: WINDOWS, platformName: WINDOWS, proxy: Proxy(), se:cdp: ws://localhost:52206/devtoo..., se:cdpVersion: 96.0.4664.45, setWindowRect: true, strictFileInteractability: false, timeouts: {implicit: 0, pageLoad: 300000, script: 30000}, unhandledPromptBehavior: dismiss and notify, webauthn:extension:credBlob: true, webauthn:extension:largeBlob: true, webauthn:virtualAuthenticators: true}\nSession ID: 9d6f192ae852c48653b4b578cc8b8fb2\r\n\tat sun.reflect.NativeConstructorAccessorImpl.newInstance0(Native Method)\r\n\tat sun.reflect.NativeConstructorAccessorImpl.newInstance(NativeConstructorAccessorImpl.java:62)\r\n\tat sun.reflect.DelegatingConstructorAccessorImpl.newInstance(DelegatingConstructorAccessorImpl.java:45)\r\n\tat java.lang.reflect.Constructor.newInstance(Constructor.java:423)\r\n\tat org.openqa.selenium.remote.codec.w3c.W3CHttpResponseCodec.createException(W3CHttpResponseCodec.java:200)\r\n\tat org.openqa.selenium.remote.codec.w3c.W3CHttpResponseCodec.decode(W3CHttpResponseCodec.java:133)\r\n\tat org.openqa.selenium.remote.codec.w3c.W3CHttpResponseCodec.decode(W3CHttpResponseCodec.java:53)\r\n\tat org.openqa.selenium.remote.HttpCommandExecutor.execute(HttpCommandExecutor.java:184)\r\n\tat org.openqa.selenium.remote.service.DriverCommandExecutor.invokeExecute(DriverCommandExecutor.java:164)\r\n\tat org.openqa.selenium.remote.service.DriverCommandExecutor.execute(DriverCommandExecutor.java:139)\r\n\tat org.openqa.selenium.remote.RemoteWebDriver.execute(RemoteWebDriver.java:559)\r\n\tat org.openqa.selenium.remote.ElementLocation$ElementFinder$2.findElement(ElementLocation.java:162)\r\n\tat org.openqa.selenium.remote.ElementLocation.findElement(ElementLocation.java:60)\r\n\tat org.openqa.selenium.remote.RemoteWebDriver.findElement(RemoteWebDriver.java:383)\r\n\tat org.openqa.selenium.remote.RemoteWebDriver.findElement(RemoteWebDriver.java:375)\r\n\tat org.openqa.selenium.support.pagefactory.DefaultElementLocator.findElement(DefaultElementLocator.java:70)\r\n\tat org.openqa.selenium.support.pagefactory.internal.LocatingElementHandler.invoke(LocatingElementHandler.java:39)\r\n\tat com.sun.proxy.$Proxy16.isDisplayed(Unknown Source)\r\n\tat DataTables.DataTablesPage.getNextBtn(DataTablesPage.java:21)\r\n\tat DataTables.Operations.clickNextBtn(Operations.java:38)\r\n\tat DataTables.Operations.printNameAgeNewYorkersAllPages(Operations.java:72)\r\n\tat DataTables.TableTests.test04_printNamesAgesLiveInNewYorkAllPages(TableTests.java:37)\r\n\tat sun.reflect.NativeMethodAccessorImpl.invoke0(Native Method)\r\n\tat sun.reflect.NativeMethodAccessorImpl.invoke(NativeMethodAccessorImpl.java:62)\r\n\tat sun.reflect.DelegatingMethodAccessorImpl.invoke(DelegatingMethodAccessorImpl.java:43)\r\n\tat java.lang.reflect.Method.invoke(Method.java:498)\r\n\tat org.testng.internal.MethodInvocationHelper.invokeMethod(MethodInvocationHelper.java:133)\r\n\tat org.testng.internal.TestInvoker.invokeMethod(TestInvoker.java:584)\r\n\tat org.testng.internal.TestInvoker.invokeTestMethod(TestInvoker.java:172)\r\n\tat org.testng.internal.MethodRunner.runInSequence(MethodRunner.java:46)\r\n\tat org.testng.internal.TestInvoker$MethodInvocationAgent.invoke(TestInvoker.java:804)\r\n\tat org.testng.internal.TestInvoker.invokeTestMethods(TestInvoker.java:145)\r\n\tat org.testng.internal.TestMethodWorker.invokeTestMethods(TestMethodWorker.java:146)\r\n\tat org.testng.internal.TestMethodWorker.run(TestMethodWorker.java:128)\r\n\tat java.util.ArrayList.forEach(ArrayList.java:1257)\r\n\tat org.testng.TestRunner.privateRun(TestRunner.java:770)\r\n\tat org.testng.TestRunner.run(TestRunner.java:591)\r\n\tat org.testng.SuiteRunner.runTest(SuiteRunner.java:402)\r\n\tat org.testng.SuiteRunner.runSequentially(SuiteRunner.java:396)\r\n\tat org.testng.SuiteRunner.privateRun(SuiteRunner.java:355)\r\n\tat org.testng.SuiteRunner.run(SuiteRunner.java:304)\r\n\tat org.testng.SuiteRunnerWorker.runSuite(SuiteRunnerWorker.java:53)\r\n\tat org.testng.SuiteRunnerWorker.run(SuiteRunnerWorker.java:96)\r\n\tat org.testng.TestNG.runSuitesSequentially(TestNG.java:1180)\r\n\tat org.testng.TestNG.runSuitesLocally(TestNG.java:1102)\r\n\tat org.testng.TestNG.runSuites(TestNG.java:1032)\r\n\tat org.testng.TestNG.run(TestNG.java:1000)\r\n\tat com.intellij.rt.testng.IDEARemoteTestNG.run(IDEARemoteTestNG.java:66)\r\n\tat com.intellij.rt.testng.RemoteTestNGStarter.main(RemoteTestNGStarter.java:109)\r\n"},"stage":"finished","steps":[],"attachments":[],"parameters":[],"start":1637671853298,"stop":1637671853311}],"attachments":[],"parameters":[],"start":1637671851956,"stop":1637671853311}],"attachments":[],"parameters":[],"start":1637671851956,"stop":1637671853408,"uuid":"cf3fe9dc-fa69-4b1e-ae4c-080e7979356a","historyId":"b6e62ad2f5c88be312b8883b54c8f108","fullName":"DataTables.TableTests.test04_printNamesAgesLiveInNewYorkAllPages","labels":[{"name":"package","value":"DataTables.TableTests"},{"name":"testClass","value":"DataTables.TableTests"},{"name":"testMethod","value":"test04_printNamesAgesLiveInNewYorkAllPages"},{"name":"parentSuite","value":"Default Suite"},{"name":"suite","value":"TestAutomationBootCamp"},{"name":"subSuite","value":"DataTables.TableTests"},{"name":"host","value":"DESKTOP-K720T7V"},{"name":"thread","value":"33044@DESKTOP-K720T7V.main(1)"},{"name":"framework","value":"testng"},{"name":"language","value":"java"}],"links":[]}